<?xml version="1.0" encoding="UTF-8" standalone="yes"?><!DOCTYPE report PUBLIC "-//JACOCO//DTD Report 1.1//EN" "report.dtd"><report name="demo"><sessioninfo id="LAPTOP-4A7SCHJ2-346a7899" start="1640437221137" dump="1640437222019"/><package name="com/example/com/anish/screen"><class name="com/example/com/anish/screen/WorldScreen" sourcefilename="WorldScreen.java"><method name="&lt;init&gt;" desc="()V" line="30"><counter type="INSTRUCTION" missed="3" covered="44"/><counter type="LINE" missed="2" covered="11"/><counter type="COMPLEXITY" missed="0" covered="1"/><counter type="METHOD" missed="0" covered="1"/></method><method name="startThread" desc="()V" line="45"><counter type="INSTRUCTION" missed="19" covered="60"/><counter type="BRANCH" missed="1" covered="5"/><counter type="LINE" missed="2" covered="11"/><counter type="COMPLEXITY" missed="1" covered="3"/><counter type="METHOD" missed="0" covered="1"/></method><method name="continueThread" desc="()V" line="63"><counter type="INSTRUCTION" missed="49" covered="0"/><counter type="BRANCH" missed="4" covered="0"/><counter type="LINE" missed="11" covered="0"/><counter type="COMPLEXITY" missed="3" covered="0"/><counter type="METHOD" missed="1" covered="0"/></method><method name="parsePlan" desc="(Ljava/lang/String;)[Ljava/lang/String;" line="79"><counter type="INSTRUCTION" missed="4" covered="0"/><counter type="LINE" missed="1" covered="0"/><counter type="COMPLEXITY" missed="1" covered="0"/><counter type="METHOD" missed="1" covered="0"/></method><method name="printCharacter" desc="(Lcom/example/asciiPanel/AsciiPanel;Ljava/lang/String;II)V" line="97"><counter type="INSTRUCTION" missed="32" covered="0"/><counter type="BRANCH" missed="2" covered="0"/><counter type="LINE" missed="4" covered="0"/><counter type="COMPLEXITY" missed="2" covered="0"/><counter type="METHOD" missed="1" covered="0"/></method><method name="judgeFinish" desc="()V" line="104"><counter type="INSTRUCTION" missed="17" covered="0"/><counter type="BRANCH" missed="2" covered="0"/><counter type="LINE" missed="3" covered="0"/><counter type="COMPLEXITY" missed="2" covered="0"/><counter type="METHOD" missed="1" covered="0"/></method><method name="judgeSucceed" desc="()V" line="112"><counter type="INSTRUCTION" missed="17" covered="0"/><counter type="BRANCH" missed="4" covered="0"/><counter type="LINE" missed="4" covered="0"/><counter type="COMPLEXITY" missed="3" covered="0"/><counter type="METHOD" missed="1" covered="0"/></method><method name="displayBegin" desc="(Lcom/example/asciiPanel/AsciiPanel;)V" line="119"><counter type="INSTRUCTION" missed="173" covered="0"/><counter type="BRANCH" missed="10" covered="0"/><counter type="LINE" missed="23" covered="0"/><counter type="COMPLEXITY" missed="6" covered="0"/><counter type="METHOD" missed="1" covered="0"/></method><method name="displayOutput" desc="(Lcom/example/asciiPanel/AsciiPanel;)V" line="153"><counter type="INSTRUCTION" missed="81" covered="0"/><counter type="BRANCH" missed="2" covered="0"/><counter type="LINE" missed="15" covered="0"/><counter type="COMPLEXITY" missed="2" covered="0"/><counter type="METHOD" missed="1" covered="0"/></method><method name="respondToUserInput" desc="(Ljava/awt/event/KeyEvent;)Lcom/example/com/anish/screen/Screen;" line="175"><counter type="INSTRUCTION" missed="56" covered="0"/><counter type="BRANCH" missed="13" covered="0"/><counter type="LINE" missed="27" covered="0"/><counter type="COMPLEXITY" missed="10" covered="0"/><counter type="METHOD" missed="1" covered="0"/></method><counter type="INSTRUCTION" missed="451" covered="104"/><counter type="BRANCH" missed="38" covered="5"/><counter type="LINE" missed="92" covered="22"/><counter type="COMPLEXITY" missed="30" covered="4"/><counter type="METHOD" missed="8" covered="2"/><counter type="CLASS" missed="0" covered="1"/></class><class name="com/example/com/anish/screen/Screen" sourcefilename="Screen.java"/><sourcefile name="Screen.java"/><sourcefile name="WorldScreen.java"><line nr="30" mi="0" ci="2" mb="0" cb="0"/><line nr="31" mi="0" ci="5" mb="0" cb="0"/><line nr="32" mi="0" ci="2" mb="0" cb="0"/><line nr="33" mi="0" ci="4" mb="0" cb="0"/><line nr="34" mi="0" ci="8" mb="0" cb="0"/><line nr="35" mi="0" ci="4" mb="0" cb="0"/><line nr="37" mi="0" ci="7" mb="0" cb="0"/><line nr="38" mi="0" ci="7" mb="0" cb="0"/><line nr="39" mi="1" ci="0" mb="0" cb="0"/><line nr="40" mi="2" ci="0" mb="0" cb="0"/><line nr="41" mi="0" ci="1" mb="0" cb="0"/><line nr="42" mi="0" ci="1" mb="0" cb="0"/><line nr="45" mi="0" ci="3" mb="0" cb="0"/><line nr="46" mi="0" ci="4" mb="0" cb="0"/><line nr="47" mi="0" ci="7" mb="0" cb="2"/><line nr="48" mi="0" ci="4" mb="0" cb="0"/><line nr="49" mi="0" ci="11" mb="0" cb="0"/><line nr="50" mi="0" ci="5" mb="0" cb="2"/><line nr="51" mi="0" ci="12" mb="0" cb="0"/><line nr="52" mi="0" ci="5" mb="0" cb="0"/><line nr="55" mi="0" ci="5" mb="1" cb="1"/><line nr="56" mi="13" ci="0" mb="0" cb="0"/><line nr="57" mi="6" ci="0" mb="0" cb="0"/><line nr="59" mi="0" ci="3" mb="0" cb="0"/><line nr="60" mi="0" ci="1" mb="0" cb="0"/><line nr="63" mi="3" ci="0" mb="0" cb="0"/><line nr="64" mi="4" ci="0" mb="0" cb="0"/><line nr="65" mi="2" ci="0" mb="2" cb="0"/><line nr="66" mi="3" ci="0" mb="0" cb="0"/><line nr="67" mi="9" ci="0" mb="2" cb="0"/><line nr="68" mi="12" ci="0" mb="0" cb="0"/><line nr="69" mi="5" ci="0" mb="0" cb="0"/><line nr="71" mi="4" ci="0" mb="0" cb="0"/><line nr="72" mi="4" ci="0" mb="0" cb="0"/><line nr="74" mi="2" ci="0" mb="0" cb="0"/><line nr="76" mi="1" ci="0" mb="0" cb="0"/><line nr="79" mi="4" ci="0" mb="0" cb="0"/><line nr="97" mi="8" ci="0" mb="2" cb="0"/><line nr="98" mi="12" ci="0" mb="0" cb="0"/><line nr="99" mi="11" ci="0" mb="0" cb="0"/><line nr="101" mi="1" ci="0" mb="0" cb="0"/><line nr="104" mi="12" ci="0" mb="2" cb="0"/><line nr="105" mi="4" ci="0" mb="0" cb="0"/><line nr="106" mi="1" ci="0" mb="0" cb="0"/><line nr="112" mi="4" ci="0" mb="2" cb="0"/><line nr="113" mi="8" ci="0" mb="2" cb="0"/><line nr="114" mi="4" ci="0" mb="0" cb="0"/><line nr="116" mi="1" ci="0" mb="0" cb="0"/><line nr="119" mi="7" ci="0" mb="2" cb="0"/><line nr="120" mi="7" ci="0" mb="2" cb="0"/><line nr="122" mi="17" ci="0" mb="0" cb="0"/><line nr="126" mi="5" ci="0" mb="0" cb="0"/><line nr="127" mi="8" ci="0" mb="0" cb="0"/><line nr="128" mi="16" ci="0" mb="0" cb="0"/><line nr="129" mi="6" ci="0" mb="0" cb="0"/><line nr="130" mi="9" ci="0" mb="0" cb="0"/><line nr="131" mi="9" ci="0" mb="0" cb="0"/><line nr="133" mi="12" ci="0" mb="0" cb="0"/><line nr="134" mi="16" ci="0" mb="0" cb="0"/><line nr="135" mi="6" ci="0" mb="0" cb="0"/><line nr="136" mi="9" ci="0" mb="0" cb="0"/><line nr="137" mi="9" ci="0" mb="0" cb="0"/><line nr="139" mi="4" ci="0" mb="2" cb="0"/><line nr="140" mi="6" ci="0" mb="0" cb="0"/><line nr="143" mi="2" ci="0" mb="0" cb="0"/><line nr="144" mi="2" ci="0" mb="0" cb="0"/><line nr="145" mi="5" ci="0" mb="2" cb="0"/><line nr="146" mi="7" ci="0" mb="0" cb="0"/><line nr="147" mi="4" ci="0" mb="2" cb="0"/><line nr="148" mi="6" ci="0" mb="0" cb="0"/><line nr="149" mi="1" ci="0" mb="0" cb="0"/><line nr="153" mi="4" ci="0" mb="2" cb="0"/><line nr="154" mi="6" ci="0" mb="0" cb="0"/><line nr="155" mi="6" ci="0" mb="0" cb="0"/><line nr="156" mi="6" ci="0" mb="0" cb="0"/><line nr="157" mi="6" ci="0" mb="0" cb="0"/><line nr="158" mi="6" ci="0" mb="0" cb="0"/><line nr="159" mi="6" ci="0" mb="0" cb="0"/><line nr="160" mi="6" ci="0" mb="0" cb="0"/><line nr="161" mi="6" ci="0" mb="0" cb="0"/><line nr="162" mi="6" ci="0" mb="0" cb="0"/><line nr="163" mi="6" ci="0" mb="0" cb="0"/><line nr="164" mi="6" ci="0" mb="0" cb="0"/><line nr="165" mi="7" ci="0" mb="0" cb="0"/><line nr="167" mi="3" ci="0" mb="0" cb="0"/><line nr="169" mi="1" ci="0" mb="0" cb="0"/><line nr="171" mi="0" ci="3" mb="0" cb="0"/><line nr="175" mi="4" ci="0" mb="2" cb="0"/><line nr="178" mi="3" ci="0" mb="3" cb="0"/><line nr="180" mi="2" ci="0" mb="0" cb="0"/><line nr="181" mi="1" ci="0" mb="0" cb="0"/><line nr="185" mi="2" ci="0" mb="0" cb="0"/><line nr="186" mi="1" ci="0" mb="0" cb="0"/><line nr="187" mi="2" ci="0" mb="0" cb="0"/><line nr="188" mi="1" ci="0" mb="0" cb="0"/><line nr="189" mi="1" ci="0" mb="0" cb="0"/><line nr="192" mi="2" ci="0" mb="0" cb="0"/><line nr="193" mi="3" ci="0" mb="6" cb="0"/><line nr="195" mi="2" ci="0" mb="0" cb="0"/><line nr="196" mi="1" ci="0" mb="0" cb="0"/><line nr="198" mi="2" ci="0" mb="0" cb="0"/><line nr="199" mi="1" ci="0" mb="0" cb="0"/><line nr="201" mi="2" ci="0" mb="0" cb="0"/><line nr="202" mi="1" ci="0" mb="0" cb="0"/><line nr="204" mi="2" ci="0" mb="0" cb="0"/><line nr="205" mi="1" ci="0" mb="0" cb="0"/><line nr="208" mi="3" ci="0" mb="0" cb="0"/><line nr="209" mi="1" ci="0" mb="0" cb="0"/><line nr="210" mi="2" ci="0" mb="0" cb="0"/><line nr="211" mi="1" ci="0" mb="0" cb="0"/><line nr="214" mi="4" ci="0" mb="2" cb="0"/><line nr="215" mi="5" ci="0" mb="0" cb="0"/><line nr="216" mi="4" ci="0" mb="0" cb="0"/><line nr="219" mi="2" ci="0" mb="0" cb="0"/><counter type="INSTRUCTION" missed="451" covered="104"/><counter type="BRANCH" missed="38" covered="5"/><counter type="LINE" missed="92" covered="22"/><counter type="COMPLEXITY" missed="30" covered="4"/><counter type="METHOD" missed="8" covered="2"/><counter type="CLASS" missed="0" covered="1"/></sourcefile><counter type="INSTRUCTION" missed="451" covered="104"/><counter type="BRANCH" missed="38" covered="5"/><counter type="LINE" missed="92" covered="22"/><counter type="COMPLEXITY" missed="30" covered="4"/><counter type="METHOD" missed="8" covered="2"/><counter type="CLASS" missed="0" covered="1"/></package><package name="com/example"><class name="com/example/App" sourcefilename="App.java"><method name="&lt;init&gt;" desc="()V" line="7"><counter type="INSTRUCTION" missed="3" covered="0"/><counter type="LINE" missed="1" covered="0"/><counter type="COMPLEXITY" missed="1" covered="0"/><counter type="METHOD" missed="1" covered="0"/></method><method name="main" desc="([Ljava/lang/String;)V" line="11"><counter type="INSTRUCTION" missed="4" covered="0"/><counter type="LINE" missed="2" covered="0"/><counter type="COMPLEXITY" missed="1" covered="0"/><counter type="METHOD" missed="1" covered="0"/></method><counter type="INSTRUCTION" missed="7" covered="0"/><counter type="LINE" missed="3" covered="0"/><counter type="COMPLEXITY" missed="2" covered="0"/><counter type="METHOD" missed="2" covered="0"/><counter type="CLASS" missed="1" covered="0"/></class><class name="com/example/Main" sourcefilename="Main.java"><method name="&lt;init&gt;" desc="()V" line="24"><counter type="INSTRUCTION" missed="26" covered="0"/><counter type="LINE" missed="7" covered="0"/><counter type="COMPLEXITY" missed="1" covered="0"/><counter type="METHOD" missed="1" covered="0"/></method><method name="repaint" desc="()V" line="35"><counter type="INSTRUCTION" missed="12" covered="0"/><counter type="LINE" missed="4" covered="0"/><counter type="COMPLEXITY" missed="1" covered="0"/><counter type="METHOD" missed="1" covered="0"/></method><method name="keyTyped" desc="(Ljava/awt/event/KeyEvent;)V" line="43"><counter type="INSTRUCTION" missed="1" covered="0"/><counter type="LINE" missed="1" covered="0"/><counter type="COMPLEXITY" missed="1" covered="0"/><counter type="METHOD" missed="1" covered="0"/></method><method name="keyPressed" desc="(Ljava/awt/event/KeyEvent;)V" line="47"><counter type="INSTRUCTION" missed="9" covered="0"/><counter type="LINE" missed="3" covered="0"/><counter type="COMPLEXITY" missed="1" covered="0"/><counter type="METHOD" missed="1" covered="0"/></method><method name="keyReleased" desc="(Ljava/awt/event/KeyEvent;)V" line="54"><counter type="INSTRUCTION" missed="1" covered="0"/><counter type="LINE" missed="1" covered="0"/><counter type="COMPLEXITY" missed="1" covered="0"/><counter type="METHOD" missed="1" covered="0"/></method><method name="main" desc="([Ljava/lang/String;)V" line="57"><counter type="INSTRUCTION" missed="23" covered="0"/><counter type="LINE" missed="9" covered="0"/><counter type="COMPLEXITY" missed="1" covered="0"/><counter type="METHOD" missed="1" covered="0"/></method><counter type="INSTRUCTION" missed="72" covered="0"/><counter type="LINE" missed="25" covered="0"/><counter type="COMPLEXITY" missed="6" covered="0"/><counter type="METHOD" missed="6" covered="0"/><counter type="CLASS" missed="1" covered="0"/></class><sourcefile name="Main.java"><line nr="24" mi="2" ci="0" mb="0" cb="0"/><line nr="25" mi="8" ci="0" mb="0" cb="0"/><line nr="26" mi="5" ci="0" mb="0" cb="0"/><line nr="27" mi="2" ci="0" mb="0" cb="0"/><line nr="28" mi="5" ci="0" mb="0" cb="0"/><line nr="29" mi="3" ci="0" mb="0" cb="0"/><line nr="31" mi="1" ci="0" mb="0" cb="0"/><line nr="35" mi="4" ci="0" mb="0" cb="0"/><line nr="36" mi="5" ci="0" mb="0" cb="0"/><line nr="37" mi="2" ci="0" mb="0" cb="0"/><line nr="38" mi="1" ci="0" mb="0" cb="0"/><line nr="43" mi="1" ci="0" mb="0" cb="0"/><line nr="47" mi="6" ci="0" mb="0" cb="0"/><line nr="48" mi="2" ci="0" mb="0" cb="0"/><line nr="49" mi="1" ci="0" mb="0" cb="0"/><line nr="54" mi="1" ci="0" mb="0" cb="0"/><line nr="57" mi="4" ci="0" mb="0" cb="0"/><line nr="58" mi="3" ci="0" mb="0" cb="0"/><line nr="59" mi="3" ci="0" mb="0" cb="0"/><line nr="60" mi="3" ci="0" mb="0" cb="0"/><line nr="62" mi="2" ci="0" mb="0" cb="0"/><line nr="64" mi="3" ci="0" mb="0" cb="0"/><line nr="65" mi="1" ci="0" mb="0" cb="0"/><line nr="66" mi="2" ci="0" mb="0" cb="0"/><line nr="67" mi="2" ci="0" mb="0" cb="0"/><counter type="INSTRUCTION" missed="72" covered="0"/><counter type="LINE" missed="25" covered="0"/><counter type="COMPLEXITY" missed="6" covered="0"/><counter type="METHOD" missed="6" covered="0"/><counter type="CLASS" missed="1" covered="0"/></sourcefile><sourcefile name="App.java"><line nr="7" mi="3" ci="0" mb="0" cb="0"/><line nr="11" mi="3" ci="0" mb="0" cb="0"/><line nr="12" mi="1" ci="0" mb="0" cb="0"/><counter type="INSTRUCTION" missed="7" covered="0"/><counter type="LINE" missed="3" covered="0"/><counter type="COMPLEXITY" missed="2" covered="0"/><counter type="METHOD" missed="2" covered="0"/><counter type="CLASS" missed="1" covered="0"/></sourcefile><counter type="INSTRUCTION" missed="79" covered="0"/><counter type="LINE" missed="28" covered="0"/><counter type="COMPLEXITY" missed="8" covered="0"/><counter type="METHOD" missed="8" covered="0"/><counter type="CLASS" missed="2" covered="0"/></package><package name="com/example/com/anish/monsters"><class name="com/example/com/anish/monsters/World" sourcefilename="World.java"><method name="&lt;init&gt;" desc="()V" line="23"><counter type="INSTRUCTION" missed="0" covered="48"/><counter type="BRANCH" missed="1" covered="1"/><counter type="LINE" missed="0" covered="13"/><counter type="COMPLEXITY" missed="1" covered="1"/><counter type="METHOD" missed="0" covered="1"/></method><method name="newGame" desc="()V" line="45"><counter type="INSTRUCTION" missed="0" covered="109"/><counter type="BRANCH" missed="0" covered="8"/><counter type="LINE" missed="0" covered="14"/><counter type="COMPLEXITY" missed="0" covered="5"/><counter type="METHOD" missed="0" covered="1"/></method><method name="continueGame" desc="()V" line="66"><counter type="INSTRUCTION" missed="142" covered="0"/><counter type="BRANCH" missed="12" covered="0"/><counter type="LINE" missed="17" covered="0"/><counter type="COMPLEXITY" missed="7" covered="0"/><counter type="METHOD" missed="1" covered="0"/></method><method name="execute" desc="(I)V" line="93"><counter type="INSTRUCTION" missed="4" covered="0"/><counter type="LINE" missed="2" covered="0"/><counter type="COMPLEXITY" missed="1" covered="0"/><counter type="METHOD" missed="1" covered="0"/></method><method name="getMazeInfo" desc="(II)I" line="97"><counter type="INSTRUCTION" missed="0" covered="8"/><counter type="LINE" missed="0" covered="1"/><counter type="COMPLEXITY" missed="0" covered="1"/><counter type="METHOD" missed="0" covered="1"/></method><method name="setMazeInfo" desc="(III)V" line="101"><counter type="INSTRUCTION" missed="0" covered="9"/><counter type="LINE" missed="0" covered="2"/><counter type="COMPLEXITY" missed="0" covered="1"/><counter type="METHOD" missed="0" covered="1"/></method><method name="get" desc="(II)Lcom/example/com/anish/monsters/Thing;" line="105"><counter type="INSTRUCTION" missed="8" covered="0"/><counter type="LINE" missed="1" covered="0"/><counter type="COMPLEXITY" missed="1" covered="0"/><counter type="METHOD" missed="1" covered="0"/></method><method name="put" desc="(Lcom/example/com/anish/monsters/Thing;II)V" line="109"><counter type="INSTRUCTION" missed="0" covered="9"/><counter type="LINE" missed="0" covered="2"/><counter type="COMPLEXITY" missed="0" covered="1"/><counter type="METHOD" missed="0" covered="1"/></method><counter type="INSTRUCTION" missed="154" covered="183"/><counter type="BRANCH" missed="13" covered="9"/><counter type="LINE" missed="20" covered="32"/><counter type="COMPLEXITY" missed="10" covered="9"/><counter type="METHOD" missed="3" covered="5"/><counter type="CLASS" missed="0" covered="1"/></class><class name="com/example/com/anish/monsters/Thing" sourcefilename="Thing.java"><method name="getX" desc="()I" line="12"><counter type="INSTRUCTION" missed="0" covered="4"/><counter type="LINE" missed="0" covered="1"/><counter type="COMPLEXITY" missed="0" covered="1"/><counter type="METHOD" missed="0" covered="1"/></method><method name="getY" desc="()I" line="16"><counter type="INSTRUCTION" missed="0" covered="4"/><counter type="LINE" missed="0" covered="1"/><counter type="COMPLEXITY" missed="0" covered="1"/><counter type="METHOD" missed="0" covered="1"/></method><method name="setPosition" desc="(II)V" line="20"><counter type="INSTRUCTION" missed="0" covered="9"/><counter type="LINE" missed="0" covered="3"/><counter type="COMPLEXITY" missed="0" covered="1"/><counter type="METHOD" missed="0" covered="1"/></method><method name="setTile" desc="(Lcom/example/com/anish/monsters/Tile;)V" line="25"><counter type="INSTRUCTION" missed="0" covered="4"/><counter type="LINE" missed="0" covered="2"/><counter type="COMPLEXITY" missed="0" covered="1"/><counter type="METHOD" missed="0" covered="1"/></method><method name="&lt;init&gt;" desc="(Ljava/awt/Color;CLcom/example/com/anish/monsters/World;)V" line="28"><counter type="INSTRUCTION" missed="0" covered="12"/><counter type="LINE" missed="0" covered="5"/><counter type="COMPLEXITY" missed="0" covered="1"/><counter type="METHOD" missed="0" covered="1"/></method><method name="getColor" desc="()Ljava/awt/Color;" line="37"><counter type="INSTRUCTION" missed="3" covered="0"/><counter type="LINE" missed="1" covered="0"/><counter type="COMPLEXITY" missed="1" covered="0"/><counter type="METHOD" missed="1" covered="0"/></method><method name="getGlyph" desc="()C" line="43"><counter type="INSTRUCTION" missed="3" covered="0"/><counter type="LINE" missed="1" covered="0"/><counter type="COMPLEXITY" missed="1" covered="0"/><counter type="METHOD" missed="1" covered="0"/></method><counter type="INSTRUCTION" missed="6" covered="33"/><counter type="LINE" missed="2" covered="12"/><counter type="COMPLEXITY" missed="2" covered="5"/><counter type="METHOD" missed="2" covered="5"/><counter type="CLASS" missed="0" covered="1"/></class><class name="com/example/com/anish/monsters/Character" sourcefilename="Character.java"><method name="&lt;init&gt;" desc="(Ljava/awt/Color;Lcom/example/com/anish/monsters/World;I)V" line="7"><counter type="INSTRUCTION" missed="9" covered="0"/><counter type="LINE" missed="2" covered="0"/><counter type="COMPLEXITY" missed="1" covered="0"/><counter type="METHOD" missed="1" covered="0"/></method><counter type="INSTRUCTION" missed="9" covered="0"/><counter type="LINE" missed="2" covered="0"/><counter type="COMPLEXITY" missed="1" covered="0"/><counter type="METHOD" missed="1" covered="0"/><counter type="CLASS" missed="1" covered="0"/></class><class name="com/example/com/anish/monsters/Path" sourcefilename="Path.java"><method name="&lt;init&gt;" desc="()V" line="8"><counter type="INSTRUCTION" missed="8" covered="0"/><counter type="LINE" missed="3" covered="0"/><counter type="COMPLEXITY" missed="1" covered="0"/><counter type="METHOD" missed="1" covered="0"/></method><counter type="INSTRUCTION" missed="8" covered="0"/><counter type="LINE" missed="3" covered="0"/><counter type="COMPLEXITY" missed="1" covered="0"/><counter type="METHOD" missed="1" covered="0"/><counter type="CLASS" missed="1" covered="0"/></class><class name="com/example/com/anish/monsters/Number" sourcefilename="Number.java"><method name="&lt;init&gt;" desc="(Ljava/awt/Color;Lcom/example/com/anish/monsters/World;I)V" line="7"><counter type="INSTRUCTION" missed="9" covered="0"/><counter type="LINE" missed="2" covered="0"/><counter type="COMPLEXITY" missed="1" covered="0"/><counter type="METHOD" missed="1" covered="0"/></method><counter type="INSTRUCTION" missed="9" covered="0"/><counter type="LINE" missed="2" covered="0"/><counter type="COMPLEXITY" missed="1" covered="0"/><counter type="METHOD" missed="1" covered="0"/><counter type="CLASS" missed="1" covered="0"/></class><class name="com/example/com/anish/monsters/Continue" sourcefilename="Continue.java"><method name="&lt;init&gt;" desc="(Lcom/example/com/anish/monsters/World;)V" line="12"><counter type="INSTRUCTION" missed="0" covered="6"/><counter type="LINE" missed="0" covered="3"/><counter type="COMPLEXITY" missed="0" covered="1"/><counter type="METHOD" missed="0" covered="1"/></method><method name="readRecord" desc="()Z" line="17"><counter type="INSTRUCTION" missed="94" covered="0"/><counter type="BRANCH" missed="8" covered="0"/><counter type="LINE" missed="20" covered="0"/><counter type="COMPLEXITY" missed="5" covered="0"/><counter type="METHOD" missed="1" covered="0"/></method><counter type="INSTRUCTION" missed="94" covered="6"/><counter type="BRANCH" missed="8" covered="0"/><counter type="LINE" missed="20" covered="3"/><counter type="COMPLEXITY" missed="5" covered="1"/><counter type="METHOD" missed="1" covered="1"/><counter type="CLASS" missed="0" covered="1"/></class><class name="com/example/com/anish/monsters/Wall" sourcefilename="Wall.java"><method name="&lt;init&gt;" desc="(Lcom/example/com/anish/monsters/World;)V" line="8"><counter type="INSTRUCTION" missed="0" covered="6"/><counter type="LINE" missed="0" covered="2"/><counter type="COMPLEXITY" missed="0" covered="1"/><counter type="METHOD" missed="0" covered="1"/></method><counter type="INSTRUCTION" missed="0" covered="6"/><counter type="LINE" missed="0" covered="2"/><counter type="COMPLEXITY" missed="0" covered="1"/><counter type="METHOD" missed="0" covered="1"/><counter type="CLASS" missed="0" covered="1"/></class><class name="com/example/com/anish/monsters/Move" sourcefilename="Move.java"><method name="&lt;init&gt;" desc="(Lcom/example/com/anish/monsters/World;)V" line="10"><counter type="INSTRUCTION" missed="0" covered="6"/><counter type="LINE" missed="0" covered="3"/><counter type="COMPLEXITY" missed="0" covered="1"/><counter type="METHOD" missed="0" covered="1"/></method><method name="judge" desc="(III)Z" line="15"><counter type="INSTRUCTION" missed="2" covered="23"/><counter type="BRANCH" missed="3" covered="3"/><counter type="LINE" missed="1" covered="3"/><counter type="COMPLEXITY" missed="3" covered="1"/><counter type="METHOD" missed="0" covered="1"/></method><method name="move" desc="(Lcom/example/com/anish/monsters/Creature;IIII)I" line="22"><counter type="INSTRUCTION" missed="109" covered="77"/><counter type="BRANCH" missed="20" covered="5"/><counter type="LINE" missed="18" covered="16"/><counter type="COMPLEXITY" missed="13" covered="2"/><counter type="METHOD" missed="0" covered="1"/></method><counter type="INSTRUCTION" missed="111" covered="106"/><counter type="BRANCH" missed="23" covered="8"/><counter type="LINE" missed="19" covered="22"/><counter type="COMPLEXITY" missed="16" covered="4"/><counter type="METHOD" missed="0" covered="3"/><counter type="CLASS" missed="0" covered="1"/></class><class name="com/example/com/anish/monsters/MazeGenerator" sourcefilename="MazeGenerator.java"><method name="&lt;init&gt;" desc="(I)V" line="11"><counter type="INSTRUCTION" missed="0" covered="56"/><counter type="BRANCH" missed="0" covered="4"/><counter type="LINE" missed="0" covered="12"/><counter type="COMPLEXITY" missed="0" covered="3"/><counter type="METHOD" missed="0" covered="1"/></method><method name="generateMaze" desc="()I" line="33"><counter type="INSTRUCTION" missed="0" covered="154"/><counter type="BRANCH" missed="2" covered="24"/><counter type="LINE" missed="0" covered="23"/><counter type="COMPLEXITY" missed="2" covered="12"/><counter type="METHOD" missed="0" covered="1"/></method><method name="getRawMaze" desc="()Ljava/lang/String;" line="79"><counter type="INSTRUCTION" missed="36" covered="0"/><counter type="BRANCH" missed="2" covered="0"/><counter type="LINE" missed="4" covered="0"/><counter type="COMPLEXITY" missed="2" covered="0"/><counter type="METHOD" missed="1" covered="0"/></method><method name="getSymbolicMaze" desc="()Ljava/lang/String;" line="87"><counter type="INSTRUCTION" missed="45" covered="0"/><counter type="BRANCH" missed="6" covered="0"/><counter type="LINE" missed="7" covered="0"/><counter type="COMPLEXITY" missed="4" covered="0"/><counter type="METHOD" missed="1" covered="0"/></method><method name="validNextNode" desc="(Lcom/example/com/anish/monsters/Node;)Z" line="100"><counter type="INSTRUCTION" missed="0" covered="66"/><counter type="BRANCH" missed="0" covered="14"/><counter type="LINE" missed="0" covered="6"/><counter type="COMPLEXITY" missed="0" covered="8"/><counter type="METHOD" missed="0" covered="1"/></method><method name="randomlyAddNodesToStack" desc="(Ljava/util/ArrayList;)V" line="113"><counter type="INSTRUCTION" missed="18" covered="0"/><counter type="BRANCH" missed="2" covered="0"/><counter type="LINE" missed="4" covered="0"/><counter type="COMPLEXITY" missed="2" covered="0"/><counter type="METHOD" missed="1" covered="0"/></method><method name="findNeighbors" desc="(Lcom/example/com/anish/monsters/Node;)Ljava/util/ArrayList;" line="120"><counter type="INSTRUCTION" missed="60" covered="0"/><counter type="BRANCH" missed="10" covered="0"/><counter type="LINE" missed="6" covered="0"/><counter type="COMPLEXITY" missed="6" covered="0"/><counter type="METHOD" missed="1" covered="0"/></method><method name="pointOnGrid" desc="(II)Ljava/lang/Boolean;" line="133"><counter type="INSTRUCTION" missed="0" covered="17"/><counter type="BRANCH" missed="0" covered="8"/><counter type="LINE" missed="0" covered="1"/><counter type="COMPLEXITY" missed="0" covered="5"/><counter type="METHOD" missed="0" covered="1"/></method><method name="pointNotCorner" desc="(Lcom/example/com/anish/monsters/Node;II)Ljava/lang/Boolean;" line="138"><counter type="INSTRUCTION" missed="13" covered="0"/><counter type="BRANCH" missed="4" covered="0"/><counter type="LINE" missed="1" covered="0"/><counter type="COMPLEXITY" missed="3" covered="0"/><counter type="METHOD" missed="1" covered="0"/></method><method name="pointNotNode" desc="(Lcom/example/com/anish/monsters/Node;II)Ljava/lang/Boolean;" line="143"><counter type="INSTRUCTION" missed="0" covered="13"/><counter type="BRANCH" missed="0" covered="4"/><counter type="LINE" missed="0" covered="1"/><counter type="COMPLEXITY" missed="0" covered="3"/><counter type="METHOD" missed="0" covered="1"/></method><counter type="INSTRUCTION" missed="172" covered="306"/><counter type="BRANCH" missed="26" covered="54"/><counter type="LINE" missed="22" covered="43"/><counter type="COMPLEXITY" missed="19" covered="31"/><counter type="METHOD" missed="5" covered="5"/><counter type="CLASS" missed="0" covered="1"/></class><class name="com/example/com/anish/monsters/Save" sourcefilename="Save.java"><method name="&lt;init&gt;" desc="(Lcom/example/com/anish/monsters/World;)V" line="19"><counter type="INSTRUCTION" missed="0" covered="6"/><counter type="LINE" missed="0" covered="3"/><counter type="COMPLEXITY" missed="0" covered="1"/><counter type="METHOD" missed="0" covered="1"/></method><method name="saveRecord" desc="()V" line="25"><counter type="INSTRUCTION" missed="56" covered="0"/><counter type="BRANCH" missed="4" covered="0"/><counter type="LINE" missed="10" covered="0"/><counter type="COMPLEXITY" missed="3" covered="0"/><counter type="METHOD" missed="1" covered="0"/></method><counter type="INSTRUCTION" missed="56" covered="6"/><counter type="BRANCH" missed="4" covered="0"/><counter type="LINE" missed="10" covered="3"/><counter type="COMPLEXITY" missed="3" covered="1"/><counter type="METHOD" missed="1" covered="1"/><counter type="CLASS" missed="0" covered="1"/></class><class name="com/example/com/anish/monsters/Main" sourcefilename="Main.java"><method name="&lt;init&gt;" desc="()V" line="3"><counter type="INSTRUCTION" missed="3" covered="0"/><counter type="LINE" missed="1" covered="0"/><counter type="COMPLEXITY" missed="1" covered="0"/><counter type="METHOD" missed="1" covered="0"/></method><method name="main" desc="([Ljava/lang/String;)V" line="5"><counter type="INSTRUCTION" missed="13" covered="0"/><counter type="LINE" missed="4" covered="0"/><counter type="COMPLEXITY" missed="1" covered="0"/><counter type="METHOD" missed="1" covered="0"/></method><counter type="INSTRUCTION" missed="16" covered="0"/><counter type="LINE" missed="5" covered="0"/><counter type="COMPLEXITY" missed="2" covered="0"/><counter type="METHOD" missed="2" covered="0"/><counter type="CLASS" missed="1" covered="0"/></class><class name="com/example/com/anish/monsters/Node" sourcefilename="Node.java"><method name="&lt;init&gt;" desc="(II)V" line="7"><counter type="INSTRUCTION" missed="0" covered="9"/><counter type="LINE" missed="0" covered="4"/><counter type="COMPLEXITY" missed="0" covered="1"/><counter type="METHOD" missed="0" covered="1"/></method><counter type="INSTRUCTION" missed="0" covered="9"/><counter type="LINE" missed="0" covered="4"/><counter type="COMPLEXITY" missed="0" covered="1"/><counter type="METHOD" missed="0" covered="1"/><counter type="CLASS" missed="0" covered="1"/></class><class name="com/example/com/anish/monsters/Creature" sourcefilename="Creature.java"><method name="&lt;init&gt;" desc="(Ljava/awt/Color;CLcom/example/com/anish/monsters/World;)V" line="8"><counter type="INSTRUCTION" missed="0" covered="6"/><counter type="LINE" missed="0" covered="2"/><counter type="COMPLEXITY" missed="0" covered="1"/><counter type="METHOD" missed="0" covered="1"/></method><method name="moveTo" desc="(II)V" line="12"><counter type="INSTRUCTION" missed="7" covered="0"/><counter type="LINE" missed="2" covered="0"/><counter type="COMPLEXITY" missed="1" covered="0"/><counter type="METHOD" missed="1" covered="0"/></method><counter type="INSTRUCTION" missed="7" covered="6"/><counter type="LINE" missed="2" covered="2"/><counter type="COMPLEXITY" missed="1" covered="1"/><counter type="METHOD" missed="1" covered="1"/><counter type="CLASS" missed="0" covered="1"/></class><class name="com/example/com/anish/monsters/Fruit" sourcefilename="Fruit.java"><method name="&lt;init&gt;" desc="(Ljava/awt/Color;Lcom/example/com/anish/monsters/World;)V" line="8"><counter type="INSTRUCTION" missed="0" covered="6"/><counter type="LINE" missed="0" covered="2"/><counter type="COMPLEXITY" missed="0" covered="1"/><counter type="METHOD" missed="0" covered="1"/></method><counter type="INSTRUCTION" missed="0" covered="6"/><counter type="LINE" missed="0" covered="2"/><counter type="COMPLEXITY" missed="0" covered="1"/><counter type="METHOD" missed="0" covered="1"/><counter type="CLASS" missed="0" covered="1"/></class><class name="com/example/com/anish/monsters/Player" sourcefilename="Player.java"><method name="&lt;init&gt;" desc="(Ljava/awt/Color;Lcom/example/com/anish/monsters/World;)V" line="10"><counter type="INSTRUCTION" missed="0" covered="15"/><counter type="LINE" missed="0" covered="4"/><counter type="COMPLEXITY" missed="0" covered="1"/><counter type="METHOD" missed="0" covered="1"/></method><method name="setKey" desc="()V" line="18"><counter type="INSTRUCTION" missed="2" covered="7"/><counter type="BRANCH" missed="1" covered="1"/><counter type="LINE" missed="0" covered="2"/><counter type="COMPLEXITY" missed="1" covered="1"/><counter type="METHOD" missed="0" covered="1"/></method><method name="playerMove" desc="(I)V" line="22"><counter type="INSTRUCTION" missed="0" covered="17"/><counter type="LINE" missed="0" covered="3"/><counter type="COMPLEXITY" missed="0" covered="1"/><counter type="METHOD" missed="0" covered="1"/></method><method name="run" desc="()V" line="29"><counter type="INSTRUCTION" missed="5" covered="25"/><counter type="BRANCH" missed="2" covered="4"/><counter type="LINE" missed="3" covered="6"/><counter type="COMPLEXITY" missed="2" covered="2"/><counter type="METHOD" missed="0" covered="1"/></method><counter type="INSTRUCTION" missed="7" covered="64"/><counter type="BRANCH" missed="3" covered="5"/><counter type="LINE" missed="3" covered="15"/><counter type="COMPLEXITY" missed="3" covered="5"/><counter type="METHOD" missed="0" covered="4"/><counter type="CLASS" missed="0" covered="1"/></class><class name="com/example/com/anish/monsters/Tile" sourcefilename="Tile.java"><method name="getThing" desc="()Lcom/example/com/anish/monsters/Thing;" line="10"><counter type="INSTRUCTION" missed="3" covered="0"/><counter type="LINE" missed="1" covered="0"/><counter type="COMPLEXITY" missed="1" covered="0"/><counter type="METHOD" missed="1" covered="0"/></method><method name="setThing" desc="(Lcom/example/com/anish/monsters/Thing;)V" line="14"><counter type="INSTRUCTION" missed="0" covered="8"/><counter type="LINE" missed="0" covered="3"/><counter type="COMPLEXITY" missed="0" covered="1"/><counter type="METHOD" missed="0" covered="1"/></method><method name="getxPos" desc="()I" line="19"><counter type="INSTRUCTION" missed="0" covered="3"/><counter type="LINE" missed="0" covered="1"/><counter type="COMPLEXITY" missed="0" covered="1"/><counter type="METHOD" missed="0" covered="1"/></method><method name="setxPos" desc="(I)V" line="23"><counter type="INSTRUCTION" missed="0" covered="4"/><counter type="LINE" missed="0" covered="2"/><counter type="COMPLEXITY" missed="0" covered="1"/><counter type="METHOD" missed="0" covered="1"/></method><method name="getyPos" desc="()I" line="27"><counter type="INSTRUCTION" missed="0" covered="3"/><counter type="LINE" missed="0" covered="1"/><counter type="COMPLEXITY" missed="0" covered="1"/><counter type="METHOD" missed="0" covered="1"/></method><method name="setyPos" desc="(I)V" line="31"><counter type="INSTRUCTION" missed="0" covered="4"/><counter type="LINE" missed="0" covered="2"/><counter type="COMPLEXITY" missed="0" covered="1"/><counter type="METHOD" missed="0" covered="1"/></method><method name="&lt;init&gt;" desc="()V" line="34"><counter type="INSTRUCTION" missed="9" covered="0"/><counter type="LINE" missed="4" covered="0"/><counter type="COMPLEXITY" missed="1" covered="0"/><counter type="METHOD" missed="1" covered="0"/></method><method name="&lt;init&gt;" desc="(II)V" line="39"><counter type="INSTRUCTION" missed="0" covered="9"/><counter type="LINE" missed="0" covered="4"/><counter type="COMPLEXITY" missed="0" covered="1"/><counter type="METHOD" missed="0" covered="1"/></method><counter type="INSTRUCTION" missed="12" covered="31"/><counter type="LINE" missed="5" covered="13"/><counter type="COMPLEXITY" missed="2" covered="6"/><counter type="METHOD" missed="2" covered="6"/><counter type="CLASS" missed="0" covered="1"/></class><class name="com/example/com/anish/monsters/Monster" sourcefilename="Monster.java"><method name="&lt;init&gt;" desc="(Ljava/awt/Color;Lcom/example/com/anish/monsters/World;)V" line="15"><counter type="INSTRUCTION" missed="2" covered="65"/><counter type="BRANCH" missed="3" covered="7"/><counter type="LINE" missed="0" covered="14"/><counter type="COMPLEXITY" missed="2" covered="4"/><counter type="METHOD" missed="0" covered="1"/></method><method name="&lt;init&gt;" desc="(Ljava/awt/Color;Lcom/example/com/anish/monsters/World;II)V" line="33"><counter type="INSTRUCTION" missed="23" covered="0"/><counter type="LINE" missed="5" covered="0"/><counter type="COMPLEXITY" missed="1" covered="0"/><counter type="METHOD" missed="1" covered="0"/></method><method name="run" desc="()V" line="41"><counter type="INSTRUCTION" missed="9" covered="36"/><counter type="BRANCH" missed="2" covered="2"/><counter type="LINE" missed="6" covered="4"/><counter type="COMPLEXITY" missed="2" covered="1"/><counter type="METHOD" missed="0" covered="1"/></method><method name="bfs" desc="(Lcom/example/com/anish/monsters/Node;[[I)I" line="57"><counter type="INSTRUCTION" missed="66" covered="228"/><counter type="BRANCH" missed="22" covered="25"/><counter type="LINE" missed="14" covered="32"/><counter type="COMPLEXITY" missed="18" covered="8"/><counter type="METHOD" missed="0" covered="1"/></method><counter type="INSTRUCTION" missed="100" covered="329"/><counter type="BRANCH" missed="27" covered="34"/><counter type="LINE" missed="25" covered="50"/><counter type="COMPLEXITY" missed="23" covered="13"/><counter type="METHOD" missed="1" covered="3"/><counter type="CLASS" missed="0" covered="1"/></class><class name="com/example/com/anish/monsters/Floor" sourcefilename="Floor.java"><method name="&lt;init&gt;" desc="(Lcom/example/com/anish/monsters/World;)V" line="8"><counter type="INSTRUCTION" missed="0" covered="6"/><counter type="LINE" missed="0" covered="2"/><counter type="COMPLEXITY" missed="0" covered="1"/><counter type="METHOD" missed="0" covered="1"/></method><counter type="INSTRUCTION" missed="0" covered="6"/><counter type="LINE" missed="0" covered="2"/><counter type="COMPLEXITY" missed="0" covered="1"/><counter type="METHOD" missed="0" covered="1"/><counter type="CLASS" missed="0" covered="1"/></class><sourcefile name="Wall.java"><line nr="8" mi="0" ci="5" mb="0" cb="0"/><line nr="9" mi="0" ci="1" mb="0" cb="0"/><counter type="INSTRUCTION" missed="0" covered="6"/><counter type="LINE" missed="0" covered="2"/><counter type="COMPLEXITY" missed="0" covered="1"/><counter type="METHOD" missed="0" covered="1"/><counter type="CLASS" missed="0" covered="1"/></sourcefile><sourcefile name="World.java"><line nr="23" mi="0" ci="2" mb="0" cb="0"/><line nr="25" mi="0" ci="6" mb="0" cb="0"/><line nr="26" mi="0" ci="7" mb="0" cb="0"/><line nr="27" mi="0" ci="3" mb="0" cb="0"/><line nr="28" mi="0" ci="3" mb="0" cb="0"/><line nr="29" mi="0" ci="3" mb="0" cb="0"/><line nr="30" mi="0" ci="3" mb="0" cb="0"/><line nr="31" mi="0" ci="3" mb="0" cb="0"/><line nr="32" mi="0" ci="3" mb="0" cb="0"/><line nr="33" mi="0" ci="6" mb="0" cb="0"/><line nr="35" mi="0" ci="3" mb="1" cb="1"/><line nr="36" mi="0" ci="5" mb="0" cb="0"/><line nr="40" mi="0" ci="1" mb="0" cb="0"/><line nr="45" mi="0" ci="5" mb="0" cb="0"/><line nr="46" mi="0" ci="7" mb="0" cb="2"/><line nr="47" mi="0" ci="7" mb="0" cb="2"/><line nr="48" mi="0" ci="11" mb="0" cb="0"/><line nr="49" mi="0" ci="11" mb="0" cb="0"/><line nr="50" mi="0" ci="8" mb="0" cb="2"/><line nr="51" mi="0" ci="12" mb="0" cb="0"/><line nr="52" mi="0" ci="9" mb="0" cb="2"/><line nr="53" mi="0" ci="12" mb="0" cb="0"/><line nr="58" mi="0" ci="9" mb="0" cb="0"/><line nr="59" mi="0" ci="5" mb="0" cb="0"/><line nr="60" mi="0" ci="8" mb="0" cb="0"/><line nr="62" mi="0" ci="4" mb="0" cb="0"/><line nr="63" mi="0" ci="1" mb="0" cb="0"/><line nr="66" mi="4" ci="0" mb="0" cb="0"/><line nr="67" mi="7" ci="0" mb="2" cb="0"/><line nr="68" mi="7" ci="0" mb="2" cb="0"/><line nr="69" mi="11" ci="0" mb="0" cb="0"/><line nr="70" mi="11" ci="0" mb="0" cb="0"/><line nr="71" mi="8" ci="0" mb="2" cb="0"/><line nr="72" mi="12" ci="0" mb="0" cb="0"/><line nr="73" mi="9" ci="0" mb="2" cb="0"/><line nr="74" mi="13" ci="0" mb="0" cb="0"/><line nr="75" mi="9" ci="0" mb="2" cb="0"/><line nr="76" mi="9" ci="0" mb="0" cb="0"/><line nr="77" mi="5" ci="0" mb="0" cb="0"/><line nr="78" mi="9" ci="0" mb="0" cb="0"/><line nr="79" mi="9" ci="0" mb="2" cb="0"/><line nr="80" mi="12" ci="0" mb="0" cb="0"/><line nr="81" mi="6" ci="0" mb="0" cb="0"/><line nr="85" mi="1" ci="0" mb="0" cb="0"/><line nr="93" mi="3" ci="0" mb="0" cb="0"/><line nr="94" mi="1" ci="0" mb="0" cb="0"/><line nr="97" mi="0" ci="8" mb="0" cb="0"/><line nr="101" mi="0" ci="8" mb="0" cb="0"/><line nr="102" mi="0" ci="1" mb="0" cb="0"/><line nr="105" mi="8" ci="0" mb="0" cb="0"/><line nr="109" mi="0" ci="8" mb="0" cb="0"/><line nr="110" mi="0" ci="1" mb="0" cb="0"/><counter type="INSTRUCTION" missed="154" covered="183"/><counter type="BRANCH" missed="13" covered="9"/><counter type="LINE" missed="20" covered="32"/><counter type="COMPLEXITY" missed="10" covered="9"/><counter type="METHOD" missed="3" covered="5"/><counter type="CLASS" missed="0" covered="1"/></sourcefile><sourcefile name="Character.java"><line nr="7" mi="8" ci="0" mb="0" cb="0"/><line nr="8" mi="1" ci="0" mb="0" cb="0"/><counter type="INSTRUCTION" missed="9" covered="0"/><counter type="LINE" missed="2" covered="0"/><counter type="COMPLEXITY" missed="1" covered="0"/><counter type="METHOD" missed="1" covered="0"/><counter type="CLASS" missed="1" covered="0"/></sourcefile><sourcefile name="Continue.java"><line nr="12" mi="0" ci="2" mb="0" cb="0"/><line nr="13" mi="0" ci="3" mb="0" cb="0"/><line nr="14" mi="0" ci="1" mb="0" cb="0"/><line nr="17" mi="2" ci="0" mb="0" cb="0"/><line nr="18" mi="2" ci="0" mb="0" cb="0"/><line nr="19" mi="5" ci="0" mb="0" cb="0"/><line nr="20" mi="3" ci="0" mb="2" cb="0"/><line nr="21" mi="2" ci="0" mb="0" cb="0"/><line nr="23" mi="5" ci="0" mb="0" cb="0"/><line nr="24" mi="5" ci="0" mb="0" cb="0"/><line nr="25" mi="5" ci="0" mb="2" cb="0"/><line nr="26" mi="2" ci="0" mb="0" cb="0"/><line nr="27" mi="5" ci="0" mb="0" cb="0"/><line nr="28" mi="6" ci="0" mb="0" cb="0"/><line nr="29" mi="6" ci="0" mb="0" cb="0"/><line nr="30" mi="5" ci="0" mb="0" cb="0"/><line nr="31" mi="5" ci="0" mb="0" cb="0"/><line nr="32" mi="10" ci="0" mb="2" cb="0"/><line nr="33" mi="10" ci="0" mb="2" cb="0"/><line nr="34" mi="3" ci="0" mb="0" cb="0"/><line nr="35" mi="9" ci="0" mb="0" cb="0"/><line nr="41" mi="2" ci="0" mb="0" cb="0"/><line nr="43" mi="2" ci="0" mb="0" cb="0"/><counter type="INSTRUCTION" missed="94" covered="6"/><counter type="BRANCH" missed="8" covered="0"/><counter type="LINE" missed="20" covered="3"/><counter type="COMPLEXITY" missed="5" covered="1"/><counter type="METHOD" missed="1" covered="1"/><counter type="CLASS" missed="0" covered="1"/></sourcefile><sourcefile name="Move.java"><line nr="10" mi="0" ci="2" mb="0" cb="0"/><line nr="11" mi="0" ci="3" mb="0" cb="0"/><line nr="12" mi="0" ci="1" mb="0" cb="0"/><line nr="15" mi="0" ci="18" mb="2" cb="2"/><line nr="16" mi="0" ci="3" mb="1" cb="1"/><line nr="17" mi="0" ci="2" mb="0" cb="0"/><line nr="18" mi="2" ci="0" mb="0" cb="0"/><line nr="22" mi="0" ci="4" mb="0" cb="0"/><line nr="23" mi="0" ci="2" mb="3" cb="2"/><line nr="25" mi="0" ci="4" mb="0" cb="0"/><line nr="26" mi="0" ci="1" mb="0" cb="0"/><line nr="28" mi="0" ci="4" mb="0" cb="0"/><line nr="29" mi="0" ci="1" mb="0" cb="0"/><line nr="31" mi="4" ci="0" mb="0" cb="0"/><line nr="32" mi="1" ci="0" mb="0" cb="0"/><line nr="34" mi="4" ci="0" mb="0" cb="0"/><line nr="37" mi="0" ci="6" mb="1" cb="1"/><line nr="38" mi="0" ci="10" mb="0" cb="0"/><line nr="39" mi="0" ci="6" mb="0" cb="0"/><line nr="40" mi="0" ci="9" mb="0" cb="0"/><line nr="41" mi="0" ci="6" mb="0" cb="0"/><line nr="42" mi="0" ci="12" mb="1" cb="1"/><line nr="43" mi="4" ci="0" mb="0" cb="0"/><line nr="44" mi="2" ci="0" mb="0" cb="0"/><line nr="46" mi="0" ci="6" mb="0" cb="0"/><line nr="47" mi="0" ci="3" mb="1" cb="1"/><line nr="48" mi="3" ci="0" mb="2" cb="0"/><line nr="49" mi="8" ci="0" mb="0" cb="0"/><line nr="50" mi="3" ci="0" mb="2" cb="0"/><line nr="51" mi="8" ci="0" mb="0" cb="0"/><line nr="52" mi="2" ci="0" mb="0" cb="0"/><line nr="54" mi="3" ci="1" mb="2" cb="0"/><line nr="55" mi="8" ci="0" mb="2" cb="0"/><line nr="56" mi="9" ci="0" mb="0" cb="0"/><line nr="57" mi="8" ci="0" mb="2" cb="0"/><line nr="58" mi="9" ci="0" mb="0" cb="0"/><line nr="59" mi="8" ci="0" mb="2" cb="0"/><line nr="60" mi="9" ci="0" mb="0" cb="0"/><line nr="61" mi="8" ci="0" mb="2" cb="0"/><line nr="62" mi="8" ci="0" mb="0" cb="0"/><line nr="64" mi="0" ci="2" mb="0" cb="0"/><counter type="INSTRUCTION" missed="111" covered="106"/><counter type="BRANCH" missed="23" covered="8"/><counter type="LINE" missed="19" covered="22"/><counter type="COMPLEXITY" missed="16" covered="4"/><counter type="METHOD" missed="0" covered="3"/><counter type="CLASS" missed="0" covered="1"/></sourcefile><sourcefile name="Main.java"><line nr="3" mi="3" ci="0" mb="0" cb="0"/><line nr="5" mi="5" ci="0" mb="0" cb="0"/><line nr="6" mi="3" ci="0" mb="0" cb="0"/><line nr="9" mi="4" ci="0" mb="0" cb="0"/><line nr="11" mi="1" ci="0" mb="0" cb="0"/><counter type="INSTRUCTION" missed="16" covered="0"/><counter type="LINE" missed="5" covered="0"/><counter type="COMPLEXITY" missed="2" covered="0"/><counter type="METHOD" missed="2" covered="0"/><counter type="CLASS" missed="1" covered="0"/></sourcefile><sourcefile name="Path.java"><line nr="8" mi="2" ci="0" mb="0" cb="0"/><line nr="9" mi="5" ci="0" mb="0" cb="0"/><line nr="10" mi="1" ci="0" mb="0" cb="0"/><counter type="INSTRUCTION" missed="8" covered="0"/><counter type="LINE" missed="3" covered="0"/><counter type="COMPLEXITY" missed="1" covered="0"/><counter type="METHOD" missed="1" covered="0"/><counter type="CLASS" missed="1" covered="0"/></sourcefile><sourcefile name="Number.java"><line nr="7" mi="8" ci="0" mb="0" cb="0"/><line nr="8" mi="1" ci="0" mb="0" cb="0"/><counter type="INSTRUCTION" missed="9" covered="0"/><counter type="LINE" missed="2" covered="0"/><counter type="COMPLEXITY" missed="1" covered="0"/><counter type="METHOD" missed="1" covered="0"/><counter type="CLASS" missed="1" covered="0"/></sourcefile><sourcefile name="Fruit.java"><line nr="8" mi="0" ci="5" mb="0" cb="0"/><line nr="9" mi="0" ci="1" mb="0" cb="0"/><counter type="INSTRUCTION" missed="0" covered="6"/><counter type="LINE" missed="0" covered="2"/><counter type="COMPLEXITY" missed="0" covered="1"/><counter type="METHOD" missed="0" covered="1"/><counter type="CLASS" missed="0" covered="1"/></sourcefile><sourcefile name="Thing.java"><line nr="12" mi="0" ci="4" mb="0" cb="0"/><line nr="16" mi="0" ci="4" mb="0" cb="0"/><line nr="20" mi="0" ci="4" mb="0" cb="0"/><line nr="21" mi="0" ci="4" mb="0" cb="0"/><line nr="22" mi="0" ci="1" mb="0" cb="0"/><line nr="25" mi="0" ci="3" mb="0" cb="0"/><line nr="26" mi="0" ci="1" mb="0" cb="0"/><line nr="28" mi="0" ci="2" mb="0" cb="0"/><line nr="29" mi="0" ci="3" mb="0" cb="0"/><line nr="30" mi="0" ci="3" mb="0" cb="0"/><line nr="31" mi="0" ci="3" mb="0" cb="0"/><line nr="32" mi="0" ci="1" mb="0" cb="0"/><line nr="37" mi="3" ci="0" mb="0" cb="0"/><line nr="43" mi="3" ci="0" mb="0" cb="0"/><counter type="INSTRUCTION" missed="6" covered="33"/><counter type="LINE" missed="2" covered="12"/><counter type="COMPLEXITY" missed="2" covered="5"/><counter type="METHOD" missed="2" covered="5"/><counter type="CLASS" missed="0" covered="1"/></sourcefile><sourcefile name="Node.java"><line nr="7" mi="0" ci="2" mb="0" cb="0"/><line nr="8" mi="0" ci="3" mb="0" cb="0"/><line nr="9" mi="0" ci="3" mb="0" cb="0"/><line nr="10" mi="0" ci="1" mb="0" cb="0"/><counter type="INSTRUCTION" missed="0" covered="9"/><counter type="LINE" missed="0" covered="4"/><counter type="COMPLEXITY" missed="0" covered="1"/><counter type="METHOD" missed="0" covered="1"/><counter type="CLASS" missed="0" covered="1"/></sourcefile><sourcefile name="MazeGenerator.java"><line nr="11" mi="0" ci="5" mb="0" cb="0"/><line nr="12" mi="0" ci="5" mb="0" cb="0"/><line nr="19" mi="0" ci="2" mb="0" cb="0"/><line nr="20" mi="0" ci="5" mb="0" cb="0"/><line nr="21" mi="0" ci="3" mb="0" cb="0"/><line nr="22" mi="0" ci="5" mb="0" cb="0"/><line nr="23" mi="0" ci="7" mb="0" cb="2"/><line nr="24" mi="0" ci="7" mb="0" cb="2"/><line nr="25" mi="0" ci="7" mb="0" cb="0"/><line nr="27" mi="0" ci="4" mb="0" cb="0"/><line nr="28" mi="0" ci="5" mb="0" cb="0"/><line nr="29" mi="0" ci="1" mb="0" cb="0"/><line nr="33" mi="0" ci="2" mb="0" cb="0"/><line nr="34" mi="0" ci="4" mb="0" cb="0"/><line nr="35" mi="0" ci="7" mb="0" cb="2"/><line nr="36" mi="0" ci="7" mb="0" cb="0"/><line nr="37" mi="0" ci="6" mb="0" cb="0"/><line nr="38" mi="0" ci="6" mb="0" cb="0"/><line nr="39" mi="0" ci="7" mb="0" cb="0"/><line nr="40" mi="0" ci="7" mb="0" cb="2"/><line nr="41" mi="0" ci="7" mb="0" cb="2"/><line nr="42" mi="0" ci="4" mb="0" cb="4"/><line nr="43" mi="0" ci="8" mb="0" cb="0"/><line nr="44" mi="0" ci="10" mb="0" cb="4"/><line nr="45" mi="0" ci="7" mb="0" cb="0"/><line nr="46" mi="0" ci="4" mb="0" cb="0"/><line nr="47" mi="0" ci="4" mb="0" cb="0"/><line nr="48" mi="0" ci="10" mb="1" cb="3"/><line nr="49" mi="0" ci="7" mb="0" cb="0"/><line nr="56" mi="0" ci="7" mb="0" cb="2"/><line nr="57" mi="0" ci="10" mb="0" cb="0"/><line nr="58" mi="0" ci="20" mb="1" cb="5"/><line nr="59" mi="0" ci="7" mb="0" cb="0"/><line nr="60" mi="0" ci="1" mb="0" cb="0"/><line nr="63" mi="0" ci="2" mb="0" cb="0"/><line nr="79" mi="4" ci="0" mb="0" cb="0"/><line nr="80" mi="17" ci="0" mb="2" cb="0"/><line nr="81" mi="12" ci="0" mb="0" cb="0"/><line nr="83" mi="3" ci="0" mb="0" cb="0"/><line nr="87" mi="4" ci="0" mb="0" cb="0"/><line nr="88" mi="8" ci="0" mb="2" cb="0"/><line nr="89" mi="8" ci="0" mb="2" cb="0"/><line nr="90" mi="14" ci="0" mb="2" cb="0"/><line nr="91" mi="4" ci="0" mb="0" cb="0"/><line nr="93" mi="4" ci="0" mb="0" cb="0"/><line nr="95" mi="3" ci="0" mb="0" cb="0"/><line nr="100" mi="0" ci="2" mb="0" cb="0"/><line nr="101" mi="0" ci="13" mb="0" cb="2"/><line nr="102" mi="0" ci="13" mb="0" cb="2"/><line nr="103" mi="0" ci="21" mb="0" cb="6"/><line nr="104" mi="0" ci="1" mb="0" cb="0"/><line nr="108" mi="0" ci="16" mb="0" cb="4"/><line nr="113" mi="3" ci="0" mb="2" cb="0"/><line nr="114" mi="6" ci="0" mb="0" cb="0"/><line nr="115" mi="8" ci="0" mb="0" cb="0"/><line nr="117" mi="1" ci="0" mb="0" cb="0"/><line nr="120" mi="4" ci="0" mb="0" cb="0"/><line nr="121" mi="13" ci="0" mb="2" cb="0"/><line nr="122" mi="13" ci="0" mb="2" cb="0"/><line nr="123" mi="20" ci="0" mb="6" cb="0"/><line nr="124" mi="8" ci="0" mb="0" cb="0"/><line nr="128" mi="2" ci="0" mb="0" cb="0"/><line nr="133" mi="0" ci="17" mb="0" cb="8"/><line nr="138" mi="13" ci="0" mb="4" cb="0"/><line nr="143" mi="0" ci="13" mb="0" cb="4"/><counter type="INSTRUCTION" missed="172" covered="306"/><counter type="BRANCH" missed="26" covered="54"/><counter type="LINE" missed="22" covered="43"/><counter type="COMPLEXITY" missed="19" covered="31"/><counter type="METHOD" missed="5" covered="5"/><counter type="CLASS" missed="0" covered="1"/></sourcefile><sourcefile name="Monster.java"><line nr="15" mi="0" ci="5" mb="0" cb="0"/><line nr="16" mi="0" ci="4" mb="0" cb="0"/><line nr="17" mi="0" ci="8" mb="0" cb="0"/><line nr="18" mi="0" ci="2" mb="0" cb="0"/><line nr="19" mi="0" ci="2" mb="0" cb="0"/><line nr="20" mi="0" ci="5" mb="0" cb="4"/><line nr="21" mi="2" ci="11" mb="3" cb="3"/><line nr="22" mi="0" ci="2" mb="0" cb="0"/><line nr="23" mi="0" ci="6" mb="0" cb="0"/><line nr="24" mi="0" ci="8" mb="0" cb="0"/><line nr="25" mi="0" ci="5" mb="0" cb="0"/><line nr="26" mi="0" ci="4" mb="0" cb="0"/><line nr="28" mi="0" ci="2" mb="0" cb="0"/><line nr="30" mi="0" ci="1" mb="0" cb="0"/><line nr="33" mi="5" ci="0" mb="0" cb="0"/><line nr="34" mi="8" ci="0" mb="0" cb="0"/><line nr="35" mi="5" ci="0" mb="0" cb="0"/><line nr="36" mi="4" ci="0" mb="0" cb="0"/><line nr="37" mi="1" ci="0" mb="0" cb="0"/><line nr="41" mi="0" ci="8" mb="2" cb="2"/><line nr="42" mi="0" ci="6" mb="0" cb="0"/><line nr="43" mi="0" ci="12" mb="0" cb="0"/><line nr="45" mi="0" ci="10" mb="0" cb="0"/><line nr="47" mi="3" ci="0" mb="0" cb="0"/><line nr="48" mi="1" ci="0" mb="0" cb="0"/><line nr="49" mi="2" ci="0" mb="0" cb="0"/><line nr="50" mi="1" ci="0" mb="0" cb="0"/><line nr="51" mi="1" ci="0" mb="0" cb="0"/><line nr="53" mi="1" ci="0" mb="0" cb="0"/><line nr="57" mi="0" ci="4" mb="0" cb="0"/><line nr="58" mi="0" ci="4" mb="0" cb="0"/><line nr="59" mi="0" ci="7" mb="0" cb="2"/><line nr="60" mi="0" ci="7" mb="0" cb="2"/><line nr="61" mi="0" ci="6" mb="0" cb="0"/><line nr="64" mi="0" ci="8" mb="0" cb="0"/><line nr="65" mi="0" ci="4" mb="0" cb="0"/><line nr="66" mi="0" ci="4" mb="0" cb="0"/><line nr="67" mi="0" ci="19" mb="0" cb="0"/><line nr="68" mi="0" ci="19" mb="0" cb="0"/><line nr="69" mi="0" ci="2" mb="0" cb="0"/><line nr="70" mi="0" ci="3" mb="1" cb="1"/><line nr="71" mi="0" ci="4" mb="0" cb="0"/><line nr="72" mi="0" ci="7" mb="0" cb="2"/><line nr="77" mi="0" ci="14" mb="0" cb="0"/><line nr="81" mi="0" ci="16" mb="5" cb="5"/><line nr="82" mi="1" ci="0" mb="0" cb="0"/><line nr="84" mi="0" ci="6" mb="0" cb="2"/><line nr="85" mi="0" ci="8" mb="0" cb="0"/><line nr="86" mi="0" ci="6" mb="1" cb="1"/><line nr="87" mi="0" ci="2" mb="0" cb="2"/><line nr="88" mi="0" ci="7" mb="0" cb="0"/><line nr="90" mi="0" ci="12" mb="0" cb="0"/><line nr="92" mi="0" ci="6" mb="0" cb="0"/><line nr="95" mi="0" ci="7" mb="0" cb="2"/><line nr="96" mi="0" ci="6" mb="0" cb="0"/><line nr="97" mi="0" ci="2" mb="3" cb="2"/><line nr="99" mi="0" ci="15" mb="2" cb="2"/><line nr="100" mi="6" ci="0" mb="0" cb="0"/><line nr="101" mi="1" ci="0" mb="0" cb="0"/><line nr="103" mi="0" ci="2" mb="0" cb="0"/><line nr="105" mi="0" ci="16" mb="2" cb="2"/><line nr="106" mi="6" ci="0" mb="0" cb="0"/><line nr="107" mi="1" ci="0" mb="0" cb="0"/><line nr="109" mi="0" ci="2" mb="0" cb="0"/><line nr="111" mi="15" ci="0" mb="4" cb="0"/><line nr="112" mi="6" ci="0" mb="0" cb="0"/><line nr="113" mi="1" ci="0" mb="0" cb="0"/><line nr="115" mi="2" ci="0" mb="0" cb="0"/><line nr="117" mi="16" ci="0" mb="4" cb="0"/><line nr="118" mi="6" ci="0" mb="0" cb="0"/><line nr="119" mi="1" ci="0" mb="0" cb="0"/><line nr="121" mi="2" ci="0" mb="0" cb="0"/><line nr="125" mi="0" ci="2" mb="0" cb="0"/><line nr="126" mi="0" ci="1" mb="0" cb="0"/><line nr="127" mi="2" ci="0" mb="0" cb="0"/><counter type="INSTRUCTION" missed="100" covered="329"/><counter type="BRANCH" missed="27" covered="34"/><counter type="LINE" missed="25" covered="50"/><counter type="COMPLEXITY" missed="23" covered="13"/><counter type="METHOD" missed="1" covered="3"/><counter type="CLASS" missed="0" covered="1"/></sourcefile><sourcefile name="Floor.java"><line nr="8" mi="0" ci="5" mb="0" cb="0"/><line nr="9" mi="0" ci="1" mb="0" cb="0"/><counter type="INSTRUCTION" missed="0" covered="6"/><counter type="LINE" missed="0" covered="2"/><counter type="COMPLEXITY" missed="0" covered="1"/><counter type="METHOD" missed="0" covered="1"/><counter type="CLASS" missed="0" covered="1"/></sourcefile><sourcefile name="Tile.java"><line nr="10" mi="3" ci="0" mb="0" cb="0"/><line nr="14" mi="0" ci="3" mb="0" cb="0"/><line nr="15" mi="0" ci="4" mb="0" cb="0"/><line nr="16" mi="0" ci="1" mb="0" cb="0"/><line nr="19" mi="0" ci="3" mb="0" cb="0"/><line nr="23" mi="0" ci="3" mb="0" cb="0"/><line nr="24" mi="0" ci="1" mb="0" cb="0"/><line nr="27" mi="0" ci="3" mb="0" cb="0"/><line nr="31" mi="0" ci="3" mb="0" cb="0"/><line nr="32" mi="0" ci="1" mb="0" cb="0"/><line nr="34" mi="2" ci="0" mb="0" cb="0"/><line nr="35" mi="3" ci="0" mb="0" cb="0"/><line nr="36" mi="3" ci="0" mb="0" cb="0"/><line nr="37" mi="1" ci="0" mb="0" cb="0"/><line nr="39" mi="0" ci="2" mb="0" cb="0"/><line nr="40" mi="0" ci="3" mb="0" cb="0"/><line nr="41" mi="0" ci="3" mb="0" cb="0"/><line nr="42" mi="0" ci="1" mb="0" cb="0"/><counter type="INSTRUCTION" missed="12" covered="31"/><counter type="LINE" missed="5" covered="13"/><counter type="COMPLEXITY" missed="2" covered="6"/><counter type="METHOD" missed="2" covered="6"/><counter type="CLASS" missed="0" covered="1"/></sourcefile><sourcefile name="Creature.java"><line nr="8" mi="0" ci="5" mb="0" cb="0"/><line nr="9" mi="0" ci="1" mb="0" cb="0"/><line nr="12" mi="6" ci="0" mb="0" cb="0"/><line nr="13" mi="1" ci="0" mb="0" cb="0"/><counter type="INSTRUCTION" missed="7" covered="6"/><counter type="LINE" missed="2" covered="2"/><counter type="COMPLEXITY" missed="1" covered="1"/><counter type="METHOD" missed="1" covered="1"/><counter type="CLASS" missed="0" covered="1"/></sourcefile><sourcefile name="Player.java"><line nr="10" mi="0" ci="3" mb="0" cb="0"/><line nr="13" mi="0" ci="5" mb="0" cb="0"/><line nr="14" mi="0" ci="6" mb="0" cb="0"/><line nr="15" mi="0" ci="1" mb="0" cb="0"/><line nr="18" mi="2" ci="6" mb="1" cb="1"/><line nr="19" mi="0" ci="1" mb="0" cb="0"/><line nr="22" mi="0" ci="6" mb="0" cb="0"/><line nr="24" mi="0" ci="10" mb="0" cb="0"/><line nr="25" mi="0" ci="1" mb="0" cb="0"/><line nr="29" mi="0" ci="8" mb="2" cb="2"/><line nr="30" mi="0" ci="5" mb="0" cb="2"/><line nr="31" mi="0" ci="4" mb="0" cb="0"/><line nr="32" mi="0" ci="4" mb="0" cb="0"/><line nr="35" mi="0" ci="3" mb="0" cb="0"/><line nr="36" mi="1" ci="0" mb="0" cb="0"/><line nr="37" mi="2" ci="0" mb="0" cb="0"/><line nr="38" mi="1" ci="1" mb="0" cb="0"/><line nr="41" mi="1" ci="0" mb="0" cb="0"/><counter type="INSTRUCTION" missed="7" covered="64"/><counter type="BRANCH" missed="3" covered="5"/><counter type="LINE" missed="3" covered="15"/><counter type="COMPLEXITY" missed="3" covered="5"/><counter type="METHOD" missed="0" covered="4"/><counter type="CLASS" missed="0" covered="1"/></sourcefile><sourcefile name="Save.java"><line nr="19" mi="0" ci="2" mb="0" cb="0"/><line nr="20" mi="0" ci="3" mb="0" cb="0"/><line nr="21" mi="0" ci="1" mb="0" cb="0"/><line nr="25" mi="2" ci="0" mb="0" cb="0"/><line nr="27" mi="5" ci="0" mb="0" cb="0"/><line nr="28" mi="5" ci="0" mb="0" cb="0"/><line nr="29" mi="6" ci="0" mb="0" cb="0"/><line nr="30" mi="5" ci="0" mb="0" cb="0"/><line nr="31" mi="10" ci="0" mb="2" cb="0"/><line nr="32" mi="10" ci="0" mb="2" cb="0"/><line nr="33" mi="10" ci="0" mb="0" cb="0"/><line nr="37" mi="2" ci="0" mb="0" cb="0"/><line nr="51" mi="1" ci="0" mb="0" cb="0"/><counter type="INSTRUCTION" missed="56" covered="6"/><counter type="BRANCH" missed="4" covered="0"/><counter type="LINE" missed="10" covered="3"/><counter type="COMPLEXITY" missed="3" covered="1"/><counter type="METHOD" missed="1" covered="1"/><counter type="CLASS" missed="0" covered="1"/></sourcefile><counter type="INSTRUCTION" missed="761" covered="1097"/><counter type="BRANCH" missed="104" covered="110"/><counter type="LINE" missed="140" covered="205"/><counter type="COMPLEXITY" missed="89" covered="80"/><counter type="METHOD" missed="21" covered="38"/><counter type="CLASS" missed="4" covered="14"/></package><package name="com/example/asciiPanel"><class name="com/example/asciiPanel/AsciiPanel" sourcefilename="AsciiPanel.java"><method name="getCharHeight" desc="()I" line="130"><counter type="INSTRUCTION" missed="3" covered="0"/><counter type="LINE" missed="1" covered="0"/><counter type="COMPLEXITY" missed="1" covered="0"/><counter type="METHOD" missed="1" covered="0"/></method><method name="getCharWidth" desc="()I" line="139"><counter type="INSTRUCTION" missed="3" covered="0"/><counter type="LINE" missed="1" covered="0"/><counter type="COMPLEXITY" missed="1" covered="0"/><counter type="METHOD" missed="1" covered="0"/></method><method name="getHeightInCharacters" desc="()I" line="148"><counter type="INSTRUCTION" missed="3" covered="0"/><counter type="LINE" missed="1" covered="0"/><counter type="COMPLEXITY" missed="1" covered="0"/><counter type="METHOD" missed="1" covered="0"/></method><method name="getWidthInCharacters" desc="()I" line="157"><counter type="INSTRUCTION" missed="3" covered="0"/><counter type="LINE" missed="1" covered="0"/><counter type="COMPLEXITY" missed="1" covered="0"/><counter type="METHOD" missed="1" covered="0"/></method><method name="getCursorX" desc="()I" line="166"><counter type="INSTRUCTION" missed="3" covered="0"/><counter type="LINE" missed="1" covered="0"/><counter type="COMPLEXITY" missed="1" covered="0"/><counter type="METHOD" missed="1" covered="0"/></method><method name="setCursorX" desc="(I)V" line="176"><counter type="INSTRUCTION" missed="29" covered="0"/><counter type="BRANCH" missed="4" covered="0"/><counter type="LINE" missed="4" covered="0"/><counter type="COMPLEXITY" missed="3" covered="0"/><counter type="METHOD" missed="1" covered="0"/></method><method name="getCursorY" desc="()I" line="189"><counter type="INSTRUCTION" missed="3" covered="0"/><counter type="LINE" missed="1" covered="0"/><counter type="COMPLEXITY" missed="1" covered="0"/><counter type="METHOD" missed="1" covered="0"/></method><method name="setCursorY" desc="(I)V" line="199"><counter type="INSTRUCTION" missed="29" covered="0"/><counter type="BRANCH" missed="4" covered="0"/><counter type="LINE" missed="4" covered="0"/><counter type="COMPLEXITY" missed="3" covered="0"/><counter type="METHOD" missed="1" covered="0"/></method><method name="setCursorPosition" desc="(II)V" line="216"><counter type="INSTRUCTION" missed="7" covered="0"/><counter type="LINE" missed="3" covered="0"/><counter type="COMPLEXITY" missed="1" covered="0"/><counter type="METHOD" missed="1" covered="0"/></method><method name="getDefaultBackgroundColor" desc="()Ljava/awt/Color;" line="226"><counter type="INSTRUCTION" missed="3" covered="0"/><counter type="LINE" missed="1" covered="0"/><counter type="COMPLEXITY" missed="1" covered="0"/><counter type="METHOD" missed="1" covered="0"/></method><method name="setDefaultBackgroundColor" desc="(Ljava/awt/Color;)V" line="235"><counter type="INSTRUCTION" missed="11" covered="0"/><counter type="BRANCH" missed="2" covered="0"/><counter type="LINE" missed="4" covered="0"/><counter type="COMPLEXITY" missed="2" covered="0"/><counter type="METHOD" missed="1" covered="0"/></method><method name="getDefaultForegroundColor" desc="()Ljava/awt/Color;" line="247"><counter type="INSTRUCTION" missed="3" covered="0"/><counter type="LINE" missed="1" covered="0"/><counter type="COMPLEXITY" missed="1" covered="0"/><counter type="METHOD" missed="1" covered="0"/></method><method name="setDefaultForegroundColor" desc="(Ljava/awt/Color;)V" line="256"><counter type="INSTRUCTION" missed="11" covered="0"/><counter type="BRANCH" missed="2" covered="0"/><counter type="LINE" missed="4" covered="0"/><counter type="COMPLEXITY" missed="2" covered="0"/><counter type="METHOD" missed="1" covered="0"/></method><method name="getAsciiFont" desc="()Lcom/example/asciiPanel/AsciiFont;" line="268"><counter type="INSTRUCTION" missed="3" covered="0"/><counter type="LINE" missed="1" covered="0"/><counter type="COMPLEXITY" missed="1" covered="0"/><counter type="METHOD" missed="1" covered="0"/></method><method name="setAsciiFont" desc="(Lcom/example/asciiPanel/AsciiFont;)V" line="279"><counter type="INSTRUCTION" missed="66" covered="0"/><counter type="BRANCH" missed="2" covered="0"/><counter type="LINE" missed="14" covered="0"/><counter type="COMPLEXITY" missed="2" covered="0"/><counter type="METHOD" missed="1" covered="0"/></method><method name="&lt;init&gt;" desc="()V" line="305"><counter type="INSTRUCTION" missed="5" covered="0"/><counter type="LINE" missed="2" covered="0"/><counter type="COMPLEXITY" missed="1" covered="0"/><counter type="METHOD" missed="1" covered="0"/></method><method name="&lt;init&gt;" desc="(II)V" line="315"><counter type="INSTRUCTION" missed="6" covered="0"/><counter type="LINE" missed="2" covered="0"/><counter type="COMPLEXITY" missed="1" covered="0"/><counter type="METHOD" missed="1" covered="0"/></method><method name="&lt;init&gt;" desc="(IILcom/example/asciiPanel/AsciiFont;)V" line="107"><counter type="INSTRUCTION" missed="100" covered="0"/><counter type="BRANCH" missed="6" covered="0"/><counter type="LINE" missed="21" covered="0"/><counter type="COMPLEXITY" missed="4" covered="0"/><counter type="METHOD" missed="1" covered="0"/></method><method name="update" desc="(Ljava/awt/Graphics;)V" line="358"><counter type="INSTRUCTION" missed="4" covered="0"/><counter type="LINE" missed="2" covered="0"/><counter type="COMPLEXITY" missed="1" covered="0"/><counter type="METHOD" missed="1" covered="0"/></method><method name="paint" desc="(Ljava/awt/Graphics;)V" line="363"><counter type="INSTRUCTION" missed="153" covered="0"/><counter type="BRANCH" missed="12" covered="0"/><counter type="LINE" missed="16" covered="0"/><counter type="COMPLEXITY" missed="7" covered="0"/><counter type="METHOD" missed="1" covered="0"/></method><method name="loadGlyphs" desc="()V" line="390"><counter type="INSTRUCTION" missed="81" covered="0"/><counter type="BRANCH" missed="2" covered="0"/><counter type="LINE" missed="10" covered="0"/><counter type="COMPLEXITY" missed="2" covered="0"/><counter type="METHOD" missed="1" covered="0"/></method><method name="setColors" desc="(Ljava/awt/Color;Ljava/awt/Color;)Ljava/awt/image/LookupOp;" line="414"><counter type="INSTRUCTION" missed="123" covered="0"/><counter type="BRANCH" missed="4" covered="0"/><counter type="LINE" missed="24" covered="0"/><counter type="COMPLEXITY" missed="3" covered="0"/><counter type="METHOD" missed="1" covered="0"/></method><method name="clear" desc="()Lcom/example/asciiPanel/AsciiPanel;" line="453"><counter type="INSTRUCTION" missed="14" covered="0"/><counter type="LINE" missed="1" covered="0"/><counter type="COMPLEXITY" missed="1" covered="0"/><counter type="METHOD" missed="1" covered="0"/></method><method name="clear" desc="(C)Lcom/example/asciiPanel/AsciiPanel;" line="464"><counter type="INSTRUCTION" missed="41" covered="0"/><counter type="BRANCH" missed="4" covered="0"/><counter type="LINE" missed="3" covered="0"/><counter type="COMPLEXITY" missed="3" covered="0"/><counter type="METHOD" missed="1" covered="0"/></method><method name="clear" desc="(CLjava/awt/Color;Ljava/awt/Color;)Lcom/example/asciiPanel/AsciiPanel;" line="482"><counter type="INSTRUCTION" missed="39" covered="0"/><counter type="BRANCH" missed="4" covered="0"/><counter type="LINE" missed="3" covered="0"/><counter type="COMPLEXITY" missed="3" covered="0"/><counter type="METHOD" missed="1" covered="0"/></method><method name="clear" desc="(CIIII)Lcom/example/asciiPanel/AsciiPanel;" line="502"><counter type="INSTRUCTION" missed="181" covered="0"/><counter type="BRANCH" missed="20" covered="0"/><counter type="LINE" missed="15" covered="0"/><counter type="COMPLEXITY" missed="11" covered="0"/><counter type="METHOD" missed="1" covered="0"/></method><method name="clear" desc="(CIIIILjava/awt/Color;Ljava/awt/Color;)Lcom/example/asciiPanel/AsciiPanel;" line="543"><counter type="INSTRUCTION" missed="209" covered="0"/><counter type="BRANCH" missed="24" covered="0"/><counter type="LINE" missed="22" covered="0"/><counter type="COMPLEXITY" missed="13" covered="0"/><counter type="METHOD" missed="1" covered="0"/></method><method name="write" desc="(C)Lcom/example/asciiPanel/AsciiPanel;" line="588"><counter type="INSTRUCTION" missed="39" covered="0"/><counter type="BRANCH" missed="4" covered="0"/><counter type="LINE" missed="3" covered="0"/><counter type="COMPLEXITY" missed="3" covered="0"/><counter type="METHOD" missed="1" covered="0"/></method><method name="write" desc="(CLjava/awt/Color;)Lcom/example/asciiPanel/AsciiPanel;" line="605"><counter type="INSTRUCTION" missed="38" covered="0"/><counter type="BRANCH" missed="4" covered="0"/><counter type="LINE" missed="3" covered="0"/><counter type="COMPLEXITY" missed="3" covered="0"/><counter type="METHOD" missed="1" covered="0"/></method><method name="write" desc="(CLjava/awt/Color;Ljava/awt/Color;)Lcom/example/asciiPanel/AsciiPanel;" line="623"><counter type="INSTRUCTION" missed="37" covered="0"/><counter type="BRANCH" missed="4" covered="0"/><counter type="LINE" missed="3" covered="0"/><counter type="COMPLEXITY" missed="3" covered="0"/><counter type="METHOD" missed="1" covered="0"/></method><method name="write" desc="(CII)Lcom/example/asciiPanel/AsciiPanel;" line="640"><counter type="INSTRUCTION" missed="87" covered="0"/><counter type="BRANCH" missed="12" covered="0"/><counter type="LINE" missed="7" covered="0"/><counter type="COMPLEXITY" missed="7" covered="0"/><counter type="METHOD" missed="1" covered="0"/></method><method name="write" desc="(CIILjava/awt/Color;)Lcom/example/asciiPanel/AsciiPanel;" line="665"><counter type="INSTRUCTION" missed="86" covered="0"/><counter type="BRANCH" missed="12" covered="0"/><counter type="LINE" missed="7" covered="0"/><counter type="COMPLEXITY" missed="7" covered="0"/><counter type="METHOD" missed="1" covered="0"/></method><method name="write" desc="(CIILjava/awt/Color;Ljava/awt/Color;)Lcom/example/asciiPanel/AsciiPanel;" line="691"><counter type="INSTRUCTION" missed="118" covered="0"/><counter type="BRANCH" missed="16" covered="0"/><counter type="LINE" missed="16" covered="0"/><counter type="COMPLEXITY" missed="9" covered="0"/><counter type="METHOD" missed="1" covered="0"/></method><method name="write" desc="(Ljava/lang/String;)Lcom/example/asciiPanel/AsciiPanel;" line="721"><counter type="INSTRUCTION" missed="50" covered="0"/><counter type="BRANCH" missed="4" covered="0"/><counter type="LINE" missed="5" covered="0"/><counter type="COMPLEXITY" missed="3" covered="0"/><counter type="METHOD" missed="1" covered="0"/></method><method name="write" desc="(Ljava/lang/String;Ljava/awt/Color;)Lcom/example/asciiPanel/AsciiPanel;" line="740"><counter type="INSTRUCTION" missed="49" covered="0"/><counter type="BRANCH" missed="4" covered="0"/><counter type="LINE" missed="5" covered="0"/><counter type="COMPLEXITY" missed="3" covered="0"/><counter type="METHOD" missed="1" covered="0"/></method><method name="write" desc="(Ljava/lang/String;Ljava/awt/Color;Ljava/awt/Color;)Lcom/example/asciiPanel/AsciiPanel;" line="761"><counter type="INSTRUCTION" missed="48" covered="0"/><counter type="BRANCH" missed="4" covered="0"/><counter type="LINE" missed="5" covered="0"/><counter type="COMPLEXITY" missed="3" covered="0"/><counter type="METHOD" missed="1" covered="0"/></method><method name="write" desc="(Ljava/lang/String;II)Lcom/example/asciiPanel/AsciiPanel;" line="780"><counter type="INSTRUCTION" missed="96" covered="0"/><counter type="BRANCH" missed="12" covered="0"/><counter type="LINE" missed="10" covered="0"/><counter type="COMPLEXITY" missed="7" covered="0"/><counter type="METHOD" missed="1" covered="0"/></method><method name="write" desc="(Ljava/lang/String;IILjava/awt/Color;)Lcom/example/asciiPanel/AsciiPanel;" line="807"><counter type="INSTRUCTION" missed="95" covered="0"/><counter type="BRANCH" missed="12" covered="0"/><counter type="LINE" missed="10" covered="0"/><counter type="COMPLEXITY" missed="7" covered="0"/><counter type="METHOD" missed="1" covered="0"/></method><method name="write" desc="(Ljava/lang/String;IILjava/awt/Color;Ljava/awt/Color;)Lcom/example/asciiPanel/AsciiPanel;" line="836"><counter type="INSTRUCTION" missed="118" covered="0"/><counter type="BRANCH" missed="18" covered="0"/><counter type="LINE" missed="16" covered="0"/><counter type="COMPLEXITY" missed="10" covered="0"/><counter type="METHOD" missed="1" covered="0"/></method><method name="writeCenter" desc="(Ljava/lang/String;I)Lcom/example/asciiPanel/AsciiPanel;" line="870"><counter type="INSTRUCTION" missed="75" covered="0"/><counter type="BRANCH" missed="8" covered="0"/><counter type="LINE" missed="9" covered="0"/><counter type="COMPLEXITY" missed="5" covered="0"/><counter type="METHOD" missed="1" covered="0"/></method><method name="writeCenter" desc="(Ljava/lang/String;ILjava/awt/Color;)Lcom/example/asciiPanel/AsciiPanel;" line="896"><counter type="INSTRUCTION" missed="74" covered="0"/><counter type="BRANCH" missed="8" covered="0"/><counter type="LINE" missed="9" covered="0"/><counter type="COMPLEXITY" missed="5" covered="0"/><counter type="METHOD" missed="1" covered="0"/></method><method name="writeCenter" desc="(Ljava/lang/String;ILjava/awt/Color;Ljava/awt/Color;)Lcom/example/asciiPanel/AsciiPanel;" line="923"><counter type="INSTRUCTION" missed="97" covered="0"/><counter type="BRANCH" missed="14" covered="0"/><counter type="LINE" missed="15" covered="0"/><counter type="COMPLEXITY" missed="8" covered="0"/><counter type="METHOD" missed="1" covered="0"/></method><method name="withEachTile" desc="(Lcom/example/asciiPanel/TileTransformer;)V" line="948"><counter type="INSTRUCTION" missed="10" covered="0"/><counter type="LINE" missed="2" covered="0"/><counter type="COMPLEXITY" missed="1" covered="0"/><counter type="METHOD" missed="1" covered="0"/></method><method name="withEachTile" desc="(IIIILcom/example/asciiPanel/TileTransformer;)V" line="952"><counter type="INSTRUCTION" missed="93" covered="0"/><counter type="BRANCH" missed="12" covered="0"/><counter type="LINE" missed="15" covered="0"/><counter type="COMPLEXITY" missed="7" covered="0"/><counter type="METHOD" missed="1" covered="0"/></method><method name="&lt;clinit&gt;" desc="()V" line="26"><counter type="INSTRUCTION" missed="0" covered="113"/><counter type="LINE" missed="0" covered="16"/><counter type="COMPLEXITY" missed="0" covered="1"/><counter type="METHOD" missed="0" covered="1"/></method><counter type="INSTRUCTION" missed="2346" covered="113"/><counter type="BRANCH" missed="238" covered="0"/><counter type="LINE" missed="303" covered="16"/><counter type="COMPLEXITY" missed="163" covered="1"/><counter type="METHOD" missed="44" covered="1"/><counter type="CLASS" missed="0" covered="1"/></class><class name="com/example/asciiPanel/AsciiFont" sourcefilename="AsciiFont.java"><method name="getFontFilename" desc="()Ljava/lang/String;" line="25"><counter type="INSTRUCTION" missed="3" covered="0"/><counter type="LINE" missed="1" covered="0"/><counter type="COMPLEXITY" missed="1" covered="0"/><counter type="METHOD" missed="1" covered="0"/></method><method name="getWidth" desc="()I" line="31"><counter type="INSTRUCTION" missed="3" covered="0"/><counter type="LINE" missed="1" covered="0"/><counter type="COMPLEXITY" missed="1" covered="0"/><counter type="METHOD" missed="1" covered="0"/></method><method name="getHeight" desc="()I" line="37"><counter type="INSTRUCTION" missed="3" covered="0"/><counter type="LINE" missed="1" covered="0"/><counter type="COMPLEXITY" missed="1" covered="0"/><counter type="METHOD" missed="1" covered="0"/></method><method name="&lt;init&gt;" desc="(Ljava/lang/String;II)V" line="40"><counter type="INSTRUCTION" missed="12" covered="0"/><counter type="LINE" missed="5" covered="0"/><counter type="COMPLEXITY" missed="1" covered="0"/><counter type="METHOD" missed="1" covered="0"/></method><method name="&lt;clinit&gt;" desc="()V" line="12"><counter type="INSTRUCTION" missed="64" covered="0"/><counter type="LINE" missed="9" covered="0"/><counter type="COMPLEXITY" missed="1" covered="0"/><counter type="METHOD" missed="1" covered="0"/></method><counter type="INSTRUCTION" missed="85" covered="0"/><counter type="LINE" missed="17" covered="0"/><counter type="COMPLEXITY" missed="5" covered="0"/><counter type="METHOD" missed="5" covered="0"/><counter type="CLASS" missed="1" covered="0"/></class><class name="com/example/asciiPanel/TileTransformer" sourcefilename="TileTransformer.java"/><class name="com/example/asciiPanel/AsciiCharacterData" sourcefilename="AsciiCharacterData.java"><method name="&lt;init&gt;" desc="()V" line="5"><counter type="INSTRUCTION" missed="3" covered="0"/><counter type="LINE" missed="1" covered="0"/><counter type="COMPLEXITY" missed="1" covered="0"/><counter type="METHOD" missed="1" covered="0"/></method><counter type="INSTRUCTION" missed="3" covered="0"/><counter type="LINE" missed="1" covered="0"/><counter type="COMPLEXITY" missed="1" covered="0"/><counter type="METHOD" missed="1" covered="0"/><counter type="CLASS" missed="1" covered="0"/></class><sourcefile name="AsciiFont.java"><line nr="12" mi="7" ci="0" mb="0" cb="0"/><line nr="13" mi="7" ci="0" mb="0" cb="0"/><line nr="14" mi="7" ci="0" mb="0" cb="0"/><line nr="15" mi="7" ci="0" mb="0" cb="0"/><line nr="16" mi="7" ci="0" mb="0" cb="0"/><line nr="17" mi="7" ci="0" mb="0" cb="0"/><line nr="18" mi="7" ci="0" mb="0" cb="0"/><line nr="19" mi="7" ci="0" mb="0" cb="0"/><line nr="20" mi="8" ci="0" mb="0" cb="0"/><line nr="25" mi="3" ci="0" mb="0" cb="0"/><line nr="31" mi="3" ci="0" mb="0" cb="0"/><line nr="37" mi="3" ci="0" mb="0" cb="0"/><line nr="40" mi="2" ci="0" mb="0" cb="0"/><line nr="41" mi="3" ci="0" mb="0" cb="0"/><line nr="42" mi="3" ci="0" mb="0" cb="0"/><line nr="43" mi="3" ci="0" mb="0" cb="0"/><line nr="44" mi="1" ci="0" mb="0" cb="0"/><counter type="INSTRUCTION" missed="85" covered="0"/><counter type="LINE" missed="17" covered="0"/><counter type="COMPLEXITY" missed="5" covered="0"/><counter type="METHOD" missed="5" covered="0"/><counter type="CLASS" missed="1" covered="0"/></sourcefile><sourcefile name="AsciiCharacterData.java"><line nr="5" mi="3" ci="0" mb="0" cb="0"/><counter type="INSTRUCTION" missed="3" covered="0"/><counter type="LINE" missed="1" covered="0"/><counter type="COMPLEXITY" missed="1" covered="0"/><counter type="METHOD" missed="1" covered="0"/><counter type="CLASS" missed="1" covered="0"/></sourcefile><sourcefile name="TileTransformer.java"/><sourcefile name="AsciiPanel.java"><line nr="26" mi="0" ci="7" mb="0" cb="0"/><line nr="31" mi="0" ci="7" mb="0" cb="0"/><line nr="36" mi="0" ci="7" mb="0" cb="0"/><line nr="41" mi="0" ci="7" mb="0" cb="0"/><line nr="46" mi="0" ci="7" mb="0" cb="0"/><line nr="51" mi="0" ci="7" mb="0" cb="0"/><line nr="56" mi="0" ci="7" mb="0" cb="0"/><line nr="61" mi="0" ci="7" mb="0" cb="0"/><line nr="66" mi="0" ci="7" mb="0" cb="0"/><line nr="71" mi="0" ci="7" mb="0" cb="0"/><line nr="76" mi="0" ci="7" mb="0" cb="0"/><line nr="81" mi="0" ci="7" mb="0" cb="0"/><line nr="86" mi="0" ci="7" mb="0" cb="0"/><line nr="91" mi="0" ci="7" mb="0" cb="0"/><line nr="96" mi="0" ci="7" mb="0" cb="0"/><line nr="101" mi="0" ci="8" mb="0" cb="0"/><line nr="107" mi="3" ci="0" mb="0" cb="0"/><line nr="108" mi="3" ci="0" mb="0" cb="0"/><line nr="109" mi="3" ci="0" mb="0" cb="0"/><line nr="130" mi="3" ci="0" mb="0" cb="0"/><line nr="139" mi="3" ci="0" mb="0" cb="0"/><line nr="148" mi="3" ci="0" mb="0" cb="0"/><line nr="157" mi="3" ci="0" mb="0" cb="0"/><line nr="166" mi="3" ci="0" mb="0" cb="0"/><line nr="176" mi="6" ci="0" mb="4" cb="0"/><line nr="177" mi="19" ci="0" mb="0" cb="0"/><line nr="180" mi="3" ci="0" mb="0" cb="0"/><line nr="181" mi="1" ci="0" mb="0" cb="0"/><line nr="189" mi="3" ci="0" mb="0" cb="0"/><line nr="199" mi="6" ci="0" mb="4" cb="0"/><line nr="200" mi="19" ci="0" mb="0" cb="0"/><line nr="203" mi="3" ci="0" mb="0" cb="0"/><line nr="204" mi="1" ci="0" mb="0" cb="0"/><line nr="216" mi="3" ci="0" mb="0" cb="0"/><line nr="217" mi="3" ci="0" mb="0" cb="0"/><line nr="218" mi="1" ci="0" mb="0" cb="0"/><line nr="226" mi="3" ci="0" mb="0" cb="0"/><line nr="235" mi="2" ci="0" mb="2" cb="0"/><line nr="236" mi="5" ci="0" mb="0" cb="0"/><line nr="238" mi="3" ci="0" mb="0" cb="0"/><line nr="239" mi="1" ci="0" mb="0" cb="0"/><line nr="247" mi="3" ci="0" mb="0" cb="0"/><line nr="256" mi="2" ci="0" mb="2" cb="0"/><line nr="257" mi="5" ci="0" mb="0" cb="0"/><line nr="259" mi="3" ci="0" mb="0" cb="0"/><line nr="260" mi="1" ci="0" mb="0" cb="0"/><line nr="268" mi="3" ci="0" mb="0" cb="0"/><line nr="279" mi="4" ci="0" mb="2" cb="0"/><line nr="280" mi="1" ci="0" mb="0" cb="0"/><line nr="282" mi="3" ci="0" mb="0" cb="0"/><line nr="284" mi="4" ci="0" mb="0" cb="0"/><line nr="285" mi="4" ci="0" mb="0" cb="0"/><line nr="286" mi="4" ci="0" mb="0" cb="0"/><line nr="288" mi="14" ci="0" mb="0" cb="0"/><line nr="289" mi="3" ci="0" mb="0" cb="0"/><line nr="291" mi="4" ci="0" mb="0" cb="0"/><line nr="293" mi="10" ci="0" mb="0" cb="0"/><line nr="294" mi="5" ci="0" mb="0" cb="0"/><line nr="296" mi="2" ci="0" mb="0" cb="0"/><line nr="298" mi="7" ci="0" mb="0" cb="0"/><line nr="299" mi="1" ci="0" mb="0" cb="0"/><line nr="305" mi="4" ci="0" mb="0" cb="0"/><line nr="306" mi="1" ci="0" mb="0" cb="0"/><line nr="315" mi="5" ci="0" mb="0" cb="0"/><line nr="316" mi="1" ci="0" mb="0" cb="0"/><line nr="327" mi="2" ci="0" mb="0" cb="0"/><line nr="329" mi="3" ci="0" mb="2" cb="0"/><line nr="330" mi="14" ci="0" mb="0" cb="0"/><line nr="333" mi="3" ci="0" mb="2" cb="0"/><line nr="334" mi="14" ci="0" mb="0" cb="0"/><line nr="337" mi="3" ci="0" mb="0" cb="0"/><line nr="338" mi="3" ci="0" mb="0" cb="0"/><line nr="340" mi="3" ci="0" mb="0" cb="0"/><line nr="341" mi="3" ci="0" mb="0" cb="0"/><line nr="343" mi="7" ci="0" mb="0" cb="0"/><line nr="344" mi="7" ci="0" mb="0" cb="0"/><line nr="345" mi="7" ci="0" mb="0" cb="0"/><line nr="347" mi="7" ci="0" mb="0" cb="0"/><line nr="348" mi="7" ci="0" mb="0" cb="0"/><line nr="350" mi="2" ci="0" mb="2" cb="0"/><line nr="351" mi="2" ci="0" mb="0" cb="0"/><line nr="353" mi="3" ci="0" mb="0" cb="0"/><line nr="354" mi="1" ci="0" mb="0" cb="0"/><line nr="358" mi="3" ci="0" mb="0" cb="0"/><line nr="359" mi="1" ci="0" mb="0" cb="0"/><line nr="363" mi="2" ci="0" mb="2" cb="0"/><line nr="364" mi="4" ci="0" mb="0" cb="0"/><line nr="366" mi="8" ci="0" mb="2" cb="0"/><line nr="367" mi="8" ci="0" mb="2" cb="0"/><line nr="368" mi="39" ci="0" mb="6" cb="0"/><line nr="370" mi="1" ci="0" mb="0" cb="0"/><line nr="372" mi="7" ci="0" mb="0" cb="0"/><line nr="373" mi="7" ci="0" mb="0" cb="0"/><line nr="375" mi="5" ci="0" mb="0" cb="0"/><line nr="376" mi="13" ci="0" mb="0" cb="0"/><line nr="377" mi="14" ci="0" mb="0" cb="0"/><line nr="379" mi="12" ci="0" mb="0" cb="0"/><line nr="380" mi="12" ci="0" mb="0" cb="0"/><line nr="381" mi="12" ci="0" mb="0" cb="0"/><line nr="385" mi="8" ci="0" mb="0" cb="0"/><line nr="386" mi="1" ci="0" mb="0" cb="0"/><line nr="390" mi="8" ci="0" mb="0" cb="0"/><line nr="391" mi="1" ci="0" mb="0" cb="0"/><line nr="392" mi="11" ci="0" mb="0" cb="0"/><line nr="393" mi="1" ci="0" mb="0" cb="0"/><line nr="395" mi="7" ci="0" mb="2" cb="0"/><line nr="396" mi="7" ci="0" mb="0" cb="0"/><line nr="397" mi="7" ci="0" mb="0" cb="0"/><line nr="399" mi="12" ci="0" mb="0" cb="0"/><line nr="400" mi="26" ci="0" mb="0" cb="0"/><line nr="403" mi="1" ci="0" mb="0" cb="0"/><line nr="414" mi="3" ci="0" mb="0" cb="0"/><line nr="415" mi="3" ci="0" mb="0" cb="0"/><line nr="416" mi="3" ci="0" mb="0" cb="0"/><line nr="417" mi="3" ci="0" mb="0" cb="0"/><line nr="419" mi="4" ci="0" mb="0" cb="0"/><line nr="420" mi="4" ci="0" mb="0" cb="0"/><line nr="421" mi="4" ci="0" mb="0" cb="0"/><line nr="422" mi="4" ci="0" mb="0" cb="0"/><line nr="424" mi="4" ci="0" mb="0" cb="0"/><line nr="425" mi="4" ci="0" mb="0" cb="0"/><line nr="426" mi="4" ci="0" mb="0" cb="0"/><line nr="427" mi="4" ci="0" mb="0" cb="0"/><line nr="429" mi="7" ci="0" mb="2" cb="0"/><line nr="430" mi="2" ci="0" mb="2" cb="0"/><line nr="431" mi="5" ci="0" mb="0" cb="0"/><line nr="432" mi="5" ci="0" mb="0" cb="0"/><line nr="433" mi="5" ci="0" mb="0" cb="0"/><line nr="434" mi="6" ci="0" mb="0" cb="0"/><line nr="436" mi="5" ci="0" mb="0" cb="0"/><line nr="437" mi="5" ci="0" mb="0" cb="0"/><line nr="438" mi="5" ci="0" mb="0" cb="0"/><line nr="439" mi="5" ci="0" mb="0" cb="0"/><line nr="443" mi="19" ci="0" mb="0" cb="0"/><line nr="444" mi="10" ci="0" mb="0" cb="0"/><line nr="453" mi="14" ci="0" mb="0" cb="0"/><line nr="464" mi="7" ci="0" mb="4" cb="0"/><line nr="465" mi="20" ci="0" mb="0" cb="0"/><line nr="468" mi="14" ci="0" mb="0" cb="0"/><line nr="482" mi="7" ci="0" mb="4" cb="0"/><line nr="483" mi="20" ci="0" mb="0" cb="0"/><line nr="486" mi="12" ci="0" mb="0" cb="0"/><line nr="502" mi="7" ci="0" mb="4" cb="0"/><line nr="503" mi="20" ci="0" mb="0" cb="0"/><line nr="506" mi="6" ci="0" mb="4" cb="0"/><line nr="507" mi="19" ci="0" mb="0" cb="0"/><line nr="509" mi="6" ci="0" mb="4" cb="0"/><line nr="510" mi="19" ci="0" mb="0" cb="0"/><line nr="512" mi="3" ci="0" mb="2" cb="0"/><line nr="513" mi="14" ci="0" mb="0" cb="0"/><line nr="515" mi="3" ci="0" mb="2" cb="0"/><line nr="516" mi="14" ci="0" mb="0" cb="0"/><line nr="518" mi="6" ci="0" mb="2" cb="0"/><line nr="519" mi="23" ci="0" mb="0" cb="0"/><line nr="522" mi="6" ci="0" mb="2" cb="0"/><line nr="523" mi="23" ci="0" mb="0" cb="0"/><line nr="526" mi="12" ci="0" mb="0" cb="0"/><line nr="543" mi="7" ci="0" mb="4" cb="0"/><line nr="544" mi="20" ci="0" mb="0" cb="0"/><line nr="547" mi="6" ci="0" mb="4" cb="0"/><line nr="548" mi="19" ci="0" mb="0" cb="0"/><line nr="550" mi="6" ci="0" mb="4" cb="0"/><line nr="551" mi="19" ci="0" mb="0" cb="0"/><line nr="553" mi="3" ci="0" mb="2" cb="0"/><line nr="554" mi="14" ci="0" mb="0" cb="0"/><line nr="556" mi="3" ci="0" mb="2" cb="0"/><line nr="557" mi="14" ci="0" mb="0" cb="0"/><line nr="559" mi="6" ci="0" mb="2" cb="0"/><line nr="560" mi="23" ci="0" mb="0" cb="0"/><line nr="563" mi="6" ci="0" mb="2" cb="0"/><line nr="564" mi="23" ci="0" mb="0" cb="0"/><line nr="567" mi="3" ci="0" mb="0" cb="0"/><line nr="568" mi="3" ci="0" mb="0" cb="0"/><line nr="569" mi="9" ci="0" mb="2" cb="0"/><line nr="570" mi="9" ci="0" mb="2" cb="0"/><line nr="571" mi="8" ci="0" mb="0" cb="0"/><line nr="574" mi="3" ci="0" mb="0" cb="0"/><line nr="575" mi="3" ci="0" mb="0" cb="0"/><line nr="577" mi="2" ci="0" mb="0" cb="0"/><line nr="588" mi="7" ci="0" mb="4" cb="0"/><line nr="589" mi="20" ci="0" mb="0" cb="0"/><line nr="592" mi="12" ci="0" mb="0" cb="0"/><line nr="605" mi="7" ci="0" mb="4" cb="0"/><line nr="606" mi="20" ci="0" mb="0" cb="0"/><line nr="609" mi="11" ci="0" mb="0" cb="0"/><line nr="623" mi="7" ci="0" mb="4" cb="0"/><line nr="624" mi="20" ci="0" mb="0" cb="0"/><line nr="627" mi="10" ci="0" mb="0" cb="0"/><line nr="640" mi="7" ci="0" mb="4" cb="0"/><line nr="641" mi="20" ci="0" mb="0" cb="0"/><line nr="644" mi="6" ci="0" mb="4" cb="0"/><line nr="645" mi="19" ci="0" mb="0" cb="0"/><line nr="647" mi="6" ci="0" mb="4" cb="0"/><line nr="648" mi="19" ci="0" mb="0" cb="0"/><line nr="650" mi="10" ci="0" mb="0" cb="0"/><line nr="665" mi="7" ci="0" mb="4" cb="0"/><line nr="666" mi="20" ci="0" mb="0" cb="0"/><line nr="669" mi="6" ci="0" mb="4" cb="0"/><line nr="670" mi="19" ci="0" mb="0" cb="0"/><line nr="672" mi="6" ci="0" mb="4" cb="0"/><line nr="673" mi="19" ci="0" mb="0" cb="0"/><line nr="675" mi="9" ci="0" mb="0" cb="0"/><line nr="691" mi="7" ci="0" mb="4" cb="0"/><line nr="692" mi="20" ci="0" mb="0" cb="0"/><line nr="695" mi="6" ci="0" mb="4" cb="0"/><line nr="696" mi="19" ci="0" mb="0" cb="0"/><line nr="698" mi="6" ci="0" mb="4" cb="0"/><line nr="699" mi="19" ci="0" mb="0" cb="0"/><line nr="701" mi="2" ci="0" mb="2" cb="0"/><line nr="702" mi="3" ci="0" mb="0" cb="0"/><line nr="703" mi="2" ci="0" mb="2" cb="0"/><line nr="704" mi="3" ci="0" mb="0" cb="0"/><line nr="706" mi="7" ci="0" mb="0" cb="0"/><line nr="707" mi="7" ci="0" mb="0" cb="0"/><line nr="708" mi="7" ci="0" mb="0" cb="0"/><line nr="709" mi="5" ci="0" mb="0" cb="0"/><line nr="710" mi="3" ci="0" mb="0" cb="0"/><line nr="711" mi="2" ci="0" mb="0" cb="0"/><line nr="721" mi="2" ci="0" mb="2" cb="0"/><line nr="722" mi="5" ci="0" mb="0" cb="0"/><line nr="724" mi="8" ci="0" mb="2" cb="0"/><line nr="725" mi="23" ci="0" mb="0" cb="0"/><line nr="728" mi="12" ci="0" mb="0" cb="0"/><line nr="740" mi="2" ci="0" mb="2" cb="0"/><line nr="741" mi="5" ci="0" mb="0" cb="0"/><line nr="743" mi="8" ci="0" mb="2" cb="0"/><line nr="744" mi="23" ci="0" mb="0" cb="0"/><line nr="747" mi="11" ci="0" mb="0" cb="0"/><line nr="761" mi="2" ci="0" mb="2" cb="0"/><line nr="762" mi="5" ci="0" mb="0" cb="0"/><line nr="764" mi="8" ci="0" mb="2" cb="0"/><line nr="765" mi="23" ci="0" mb="0" cb="0"/><line nr="768" mi="10" ci="0" mb="0" cb="0"/><line nr="780" mi="2" ci="0" mb="2" cb="0"/><line nr="781" mi="5" ci="0" mb="0" cb="0"/><line nr="783" mi="7" ci="0" mb="2" cb="0"/><line nr="784" mi="9" ci="0" mb="0" cb="0"/><line nr="785" mi="13" ci="0" mb="0" cb="0"/><line nr="787" mi="6" ci="0" mb="4" cb="0"/><line nr="788" mi="19" ci="0" mb="0" cb="0"/><line nr="790" mi="6" ci="0" mb="4" cb="0"/><line nr="791" mi="19" ci="0" mb="0" cb="0"/><line nr="793" mi="10" ci="0" mb="0" cb="0"/><line nr="807" mi="2" ci="0" mb="2" cb="0"/><line nr="808" mi="5" ci="0" mb="0" cb="0"/><line nr="810" mi="7" ci="0" mb="2" cb="0"/><line nr="811" mi="9" ci="0" mb="0" cb="0"/><line nr="812" mi="13" ci="0" mb="0" cb="0"/><line nr="814" mi="6" ci="0" mb="4" cb="0"/><line nr="815" mi="19" ci="0" mb="0" cb="0"/><line nr="817" mi="6" ci="0" mb="4" cb="0"/><line nr="818" mi="19" ci="0" mb="0" cb="0"/><line nr="820" mi="9" ci="0" mb="0" cb="0"/><line nr="836" mi="2" ci="0" mb="2" cb="0"/><line nr="837" mi="5" ci="0" mb="0" cb="0"/><line nr="839" mi="7" ci="0" mb="2" cb="0"/><line nr="840" mi="9" ci="0" mb="0" cb="0"/><line nr="841" mi="13" ci="0" mb="0" cb="0"/><line nr="843" mi="6" ci="0" mb="4" cb="0"/><line nr="844" mi="19" ci="0" mb="0" cb="0"/><line nr="846" mi="6" ci="0" mb="4" cb="0"/><line nr="847" mi="19" ci="0" mb="0" cb="0"/><line nr="849" mi="2" ci="0" mb="2" cb="0"/><line nr="850" mi="3" ci="0" mb="0" cb="0"/><line nr="852" mi="2" ci="0" mb="2" cb="0"/><line nr="853" mi="3" ci="0" mb="0" cb="0"/><line nr="855" mi="8" ci="0" mb="2" cb="0"/><line nr="856" mi="12" ci="0" mb="0" cb="0"/><line nr="858" mi="2" ci="0" mb="0" cb="0"/><line nr="870" mi="2" ci="0" mb="2" cb="0"/><line nr="871" mi="5" ci="0" mb="0" cb="0"/><line nr="873" mi="5" ci="0" mb="2" cb="0"/><line nr="874" mi="8" ci="0" mb="0" cb="0"/><line nr="875" mi="12" ci="0" mb="0" cb="0"/><line nr="877" mi="8" ci="0" mb="0" cb="0"/><line nr="879" mi="6" ci="0" mb="4" cb="0"/><line nr="880" mi="19" ci="0" mb="0" cb="0"/><line nr="882" mi="10" ci="0" mb="0" cb="0"/><line nr="896" mi="2" ci="0" mb="2" cb="0"/><line nr="897" mi="5" ci="0" mb="0" cb="0"/><line nr="899" mi="5" ci="0" mb="2" cb="0"/><line nr="900" mi="8" ci="0" mb="0" cb="0"/><line nr="901" mi="12" ci="0" mb="0" cb="0"/><line nr="903" mi="8" ci="0" mb="0" cb="0"/><line nr="905" mi="6" ci="0" mb="4" cb="0"/><line nr="906" mi="19" ci="0" mb="0" cb="0"/><line nr="908" mi="9" ci="0" mb="0" cb="0"/><line nr="923" mi="2" ci="0" mb="2" cb="0"/><line nr="924" mi="5" ci="0" mb="0" cb="0"/><line nr="926" mi="5" ci="0" mb="2" cb="0"/><line nr="927" mi="8" ci="0" mb="0" cb="0"/><line nr="928" mi="12" ci="0" mb="0" cb="0"/><line nr="930" mi="8" ci="0" mb="0" cb="0"/><line nr="932" mi="6" ci="0" mb="4" cb="0"/><line nr="933" mi="19" ci="0" mb="0" cb="0"/><line nr="935" mi="2" ci="0" mb="2" cb="0"/><line nr="936" mi="3" ci="0" mb="0" cb="0"/><line nr="938" mi="2" ci="0" mb="2" cb="0"/><line nr="939" mi="3" ci="0" mb="0" cb="0"/><line nr="941" mi="8" ci="0" mb="2" cb="0"/><line nr="942" mi="12" ci="0" mb="0" cb="0"/><line nr="944" mi="2" ci="0" mb="0" cb="0"/><line nr="948" mi="9" ci="0" mb="0" cb="0"/><line nr="949" mi="1" ci="0" mb="0" cb="0"/><line nr="952" mi="4" ci="0" mb="0" cb="0"/><line nr="954" mi="7" ci="0" mb="2" cb="0"/><line nr="955" mi="7" ci="0" mb="2" cb="0"/><line nr="956" mi="4" ci="0" mb="0" cb="0"/><line nr="957" mi="4" ci="0" mb="0" cb="0"/><line nr="959" mi="12" ci="0" mb="8" cb="0"/><line nr="960" mi="1" ci="0" mb="0" cb="0"/><line nr="962" mi="8" ci="0" mb="0" cb="0"/><line nr="963" mi="8" ci="0" mb="0" cb="0"/><line nr="964" mi="8" ci="0" mb="0" cb="0"/><line nr="966" mi="5" ci="0" mb="0" cb="0"/><line nr="968" mi="8" ci="0" mb="0" cb="0"/><line nr="969" mi="8" ci="0" mb="0" cb="0"/><line nr="970" mi="8" ci="0" mb="0" cb="0"/><line nr="972" mi="1" ci="0" mb="0" cb="0"/><counter type="INSTRUCTION" missed="2346" covered="113"/><counter type="BRANCH" missed="238" covered="0"/><counter type="LINE" missed="303" covered="16"/><counter type="COMPLEXITY" missed="163" covered="1"/><counter type="METHOD" missed="44" covered="1"/><counter type="CLASS" missed="0" covered="1"/></sourcefile><counter type="INSTRUCTION" missed="2434" covered="113"/><counter type="BRANCH" missed="238" covered="0"/><counter type="LINE" missed="321" covered="16"/><counter type="COMPLEXITY" missed="169" covered="1"/><counter type="METHOD" missed="50" covered="1"/><counter type="CLASS" missed="2" covered="1"/></package><counter type="INSTRUCTION" missed="3725" covered="1314"/><counter type="BRANCH" missed="380" covered="115"/><counter type="LINE" missed="581" covered="243"/><counter type="COMPLEXITY" missed="296" covered="85"/><counter type="METHOD" missed="87" covered="41"/><counter type="CLASS" missed="8" covered="16"/></report>